-- Found ament_cmake: 1.3.10 (/opt/ros/humble/share/ament_cmake/cmake)
-- Found rosidl_default_generators: 1.2.0 (/opt/ros/humble/share/rosidl_default_generators/cmake)
-- Using all available rosidl_typesupport_c: rosidl_typesupport_fastrtps_c;rosidl_typesupport_introspection_c
-- Found rosidl_adapter: 3.1.5 (/opt/ros/humble/share/rosidl_adapter/cmake)
-- Using all available rosidl_typesupport_cpp: rosidl_typesupport_fastrtps_cpp;rosidl_typesupport_introspection_cpp
-- Found ament_lint_auto: 0.12.11 (/opt/ros/humble/share/ament_lint_auto/cmake)
-- Found ament_cmake_ros: 0.10.0 (/opt/ros/humble/share/ament_cmake_ros/cmake)
-- Using all available rosidl_typesupport_c: rosidl_typesupport_fastrtps_c;rosidl_typesupport_introspection_c
-- Using all available rosidl_typesupport_cpp: rosidl_typesupport_fastrtps_cpp;rosidl_typesupport_introspection_cpp
-- Found PythonInterp: /usr/local/bin/python3 (found suitable version "3.10", minimum required is "3.6") 
-- Found python_cmake_module: 0.10.0 (/opt/ros/humble/share/python_cmake_module/cmake)
-- Found PythonLibs: /usr/local/lib/libpython3.10.a (found suitable version "3.10.0", minimum required is "3.5") 
-- Using PYTHON_EXECUTABLE: /usr/local/bin/python3
-- Using PYTHON_INCLUDE_DIRS: /usr/local/include/python3.10
-- Using PYTHON_LIBRARIES: /usr/local/lib/libpython3.10.a
-- Found PythonExtra: .so  
-- Using numpy include directory: /home/kireiji/.local/lib/python3.10/site-packages/numpy/core/include
-- Added test 'lint_cmake' to check CMake code style
-- Added test 'xmllint' to check XML markup files
-- Configuring done
-- Generating done
-- Build files have been written to: /home/kireiji/Documents/GitHub/CARVER/AMT212E-V/AMT212E-V/AMT212E-V_Micro-ROS/build/amt212ev_interfaces
[  3%] [34m[1mGenerating C code for ROS interfaces[0m
[  6%] [34m[1mGenerating C++ code for ROS interfaces[0m
[  6%] Built target ament_cmake_python_copy_amt212ev_interfaces
running egg_info
creating amt212ev_interfaces.egg-info
writing manifest file 'amt212ev_interfaces.egg-info/SOURCES.txt'
writing manifest file 'amt212ev_interfaces.egg-info/SOURCES.txt'
[  6%] Built target amt212ev_interfaces__cpp
[ 16%] [34m[1mGenerating C++ type support for eProsima Fast-RTPS[0m
[ 16%] [34m[1mGenerating C++ introspection for ROS interfaces[0m
[ 16%] [34m[1mGenerating C++ type support dispatch for ROS interfaces[0m
[ 16%] Built target ament_cmake_python_build_amt212ev_interfaces_egg
[ 19%] [32mBuilding C object CMakeFiles/amt212ev_interfaces__rosidl_generator_c.dir/rosidl_generator_c/amt212ev_interfaces/msg/detail/amt_read__functions.c.o[0m
[ 22%] [32m[1mLinking C shared library libamt212ev_interfaces__rosidl_generator_c.so[0m
[ 22%] Built target amt212ev_interfaces__rosidl_generator_c
[ 29%] [34m[1mGenerating C introspection for ROS interfaces[0m
[ 29%] [34m[1mGenerating C type support dispatch for ROS interfaces[0m
[ 32%] [34m[1mGenerating C type support for eProsima Fast-RTPS[0m
[ 35%] [32mBuilding CXX object CMakeFiles/amt212ev_interfaces__rosidl_typesupport_cpp.dir/rosidl_typesupport_cpp/amt212ev_interfaces/msg/amt_read__type_support.cpp.o[0m
[ 38%] [32mBuilding CXX object CMakeFiles/amt212ev_interfaces__rosidl_typesupport_introspection_cpp.dir/rosidl_typesupport_introspection_cpp/amt212ev_interfaces/msg/detail/amt_read__type_support.cpp.o[0m
[ 41%] [32mBuilding CXX object CMakeFiles/amt212ev_interfaces__rosidl_typesupport_fastrtps_cpp.dir/rosidl_typesupport_fastrtps_cpp/amt212ev_interfaces/msg/detail/dds_fastrtps/amt_read__type_support.cpp.o[0m
[ 45%] [32mBuilding CXX object CMakeFiles/amt212ev_interfaces__rosidl_typesupport_c.dir/rosidl_typesupport_c/amt212ev_interfaces/msg/amt_read__type_support.cpp.o[0m
[ 48%] [32m[1mLinking CXX shared library libamt212ev_interfaces__rosidl_typesupport_c.so[0m
[ 51%] [32mBuilding CXX object CMakeFiles/amt212ev_interfaces__rosidl_typesupport_fastrtps_c.dir/rosidl_typesupport_fastrtps_c/amt212ev_interfaces/msg/detail/amt_read__type_support_c.cpp.o[0m
[ 54%] [32mBuilding C object CMakeFiles/amt212ev_interfaces__rosidl_typesupport_introspection_c.dir/rosidl_typesupport_introspection_c/amt212ev_interfaces/msg/detail/amt_read__type_support.c.o[0m
[ 54%] Built target amt212ev_interfaces__rosidl_typesupport_c
[ 58%] [32m[1mLinking C shared library libamt212ev_interfaces__rosidl_typesupport_introspection_c.so[0m
[ 58%] Built target amt212ev_interfaces__rosidl_typesupport_introspection_c
[ 61%] [32m[1mLinking CXX shared library libamt212ev_interfaces__rosidl_typesupport_cpp.so[0m
[ 61%] Built target amt212ev_interfaces__rosidl_typesupport_cpp
[ 64%] [32m[1mLinking CXX shared library libamt212ev_interfaces__rosidl_typesupport_introspection_cpp.so[0m
[ 67%] [32m[1mLinking CXX shared library libamt212ev_interfaces__rosidl_typesupport_fastrtps_cpp.so[0m
[ 67%] Built target amt212ev_interfaces__rosidl_typesupport_introspection_cpp
[ 67%] Built target amt212ev_interfaces__rosidl_typesupport_fastrtps_cpp
[ 70%] [32m[1mLinking CXX shared library libamt212ev_interfaces__rosidl_typesupport_fastrtps_c.so[0m
[ 70%] Built target amt212ev_interfaces__rosidl_typesupport_fastrtps_c
[ 70%] Built target amt212ev_interfaces
[ 74%] [34m[1mGenerating Python code for ROS interfaces[0m
[ 74%] Built target amt212ev_interfaces__py
[ 77%] [32mBuilding C object CMakeFiles/amt212ev_interfaces__rosidl_generator_py.dir/rosidl_generator_py/amt212ev_interfaces/msg/_amt_read_s.c.o[0m
[ 80%] [32m[1mLinking C shared library rosidl_generator_py/amt212ev_interfaces/libamt212ev_interfaces__rosidl_generator_py.so[0m
[ 80%] Built target amt212ev_interfaces__rosidl_generator_py
[ 90%] [32mBuilding C object CMakeFiles/amt212ev_interfaces__rosidl_typesupport_c__pyext.dir/rosidl_generator_py/amt212ev_interfaces/_amt212ev_interfaces_s.ep.rosidl_typesupport_c.c.o[0m
[ 90%] [32mBuilding C object CMakeFiles/amt212ev_interfaces__rosidl_typesupport_introspection_c__pyext.dir/rosidl_generator_py/amt212ev_interfaces/_amt212ev_interfaces_s.ep.rosidl_typesupport_introspection_c.c.o[0m
[ 90%] [32mBuilding C object CMakeFiles/amt212ev_interfaces__rosidl_typesupport_fastrtps_c__pyext.dir/rosidl_generator_py/amt212ev_interfaces/_amt212ev_interfaces_s.ep.rosidl_typesupport_fastrtps_c.c.o[0m
[ 96%] [32m[1mLinking C shared library rosidl_generator_py/amt212ev_interfaces/amt212ev_interfaces_s__rosidl_typesupport_c.cpython-310-x86_64-linux-gnu.so[0m
[ 96%] [32m[1mLinking C shared library rosidl_generator_py/amt212ev_interfaces/amt212ev_interfaces_s__rosidl_typesupport_introspection_c.cpython-310-x86_64-linux-gnu.so[0m
[100%] [32m[1mLinking C shared library rosidl_generator_py/amt212ev_interfaces/amt212ev_interfaces_s__rosidl_typesupport_fastrtps_c.cpython-310-x86_64-linux-gnu.so[0m
[100%] Built target amt212ev_interfaces__rosidl_typesupport_c__pyext
[100%] Built target amt212ev_interfaces__rosidl_typesupport_introspection_c__pyext
[100%] Built target amt212ev_interfaces__rosidl_typesupport_fastrtps_c__pyext
-- Install configuration: ""
-- Installing: /home/kireiji/Documents/GitHub/CARVER/AMT212E-V/AMT212E-V/AMT212E-V_Micro-ROS/install/amt212ev_interfaces/share/ament_index/resource_index/rosidl_interfaces/amt212ev_interfaces
-- Installing: /home/kireiji/Documents/GitHub/CARVER/AMT212E-V/AMT212E-V/AMT212E-V_Micro-ROS/install/amt212ev_interfaces/include/amt212ev_interfaces/amt212ev_interfaces
-- Installing: /home/kireiji/Documents/GitHub/CARVER/AMT212E-V/AMT212E-V/AMT212E-V_Micro-ROS/install/amt212ev_interfaces/include/amt212ev_interfaces/amt212ev_interfaces/msg
-- Installing: /home/kireiji/Documents/GitHub/CARVER/AMT212E-V/AMT212E-V/AMT212E-V_Micro-ROS/install/amt212ev_interfaces/include/amt212ev_interfaces/amt212ev_interfaces/msg/amt_read.h
-- Installing: /home/kireiji/Documents/GitHub/CARVER/AMT212E-V/AMT212E-V/AMT212E-V_Micro-ROS/install/amt212ev_interfaces/include/amt212ev_interfaces/amt212ev_interfaces/msg/rosidl_generator_c__visibility_control.h
-- Installing: /home/kireiji/Documents/GitHub/CARVER/AMT212E-V/AMT212E-V/AMT212E-V_Micro-ROS/install/amt212ev_interfaces/include/amt212ev_interfaces/amt212ev_interfaces/msg/detail
-- Installing: /home/kireiji/Documents/GitHub/CARVER/AMT212E-V/AMT212E-V/AMT212E-V_Micro-ROS/install/amt212ev_interfaces/include/amt212ev_interfaces/amt212ev_interfaces/msg/detail/amt_read__functions.c
-- Installing: /home/kireiji/Documents/GitHub/CARVER/AMT212E-V/AMT212E-V/AMT212E-V_Micro-ROS/install/amt212ev_interfaces/include/amt212ev_interfaces/amt212ev_interfaces/msg/detail/amt_read__type_support.h
-- Installing: /home/kireiji/Documents/GitHub/CARVER/AMT212E-V/AMT212E-V/AMT212E-V_Micro-ROS/install/amt212ev_interfaces/include/amt212ev_interfaces/amt212ev_interfaces/msg/detail/amt_read__struct.h
-- Installing: /home/kireiji/Documents/GitHub/CARVER/AMT212E-V/AMT212E-V/AMT212E-V_Micro-ROS/install/amt212ev_interfaces/include/amt212ev_interfaces/amt212ev_interfaces/msg/detail/amt_read__functions.h
-- Installing: /home/kireiji/Documents/GitHub/CARVER/AMT212E-V/AMT212E-V/AMT212E-V_Micro-ROS/install/amt212ev_interfaces/share/amt212ev_interfaces/environment/library_path.sh
-- Installing: /home/kireiji/Documents/GitHub/CARVER/AMT212E-V/AMT212E-V/AMT212E-V_Micro-ROS/install/amt212ev_interfaces/share/amt212ev_interfaces/environment/library_path.dsv
-- Installing: /home/kireiji/Documents/GitHub/CARVER/AMT212E-V/AMT212E-V/AMT212E-V_Micro-ROS/install/amt212ev_interfaces/lib/libamt212ev_interfaces__rosidl_generator_c.so
-- Set runtime path of "/home/kireiji/Documents/GitHub/CARVER/AMT212E-V/AMT212E-V/AMT212E-V_Micro-ROS/install/amt212ev_interfaces/lib/libamt212ev_interfaces__rosidl_generator_c.so" to ""
-- Up-to-date: /home/kireiji/Documents/GitHub/CARVER/AMT212E-V/AMT212E-V/AMT212E-V_Micro-ROS/install/amt212ev_interfaces/include/amt212ev_interfaces/amt212ev_interfaces
-- Up-to-date: /home/kireiji/Documents/GitHub/CARVER/AMT212E-V/AMT212E-V/AMT212E-V_Micro-ROS/install/amt212ev_interfaces/include/amt212ev_interfaces/amt212ev_interfaces/msg
-- Installing: /home/kireiji/Documents/GitHub/CARVER/AMT212E-V/AMT212E-V/AMT212E-V_Micro-ROS/install/amt212ev_interfaces/include/amt212ev_interfaces/amt212ev_interfaces/msg/rosidl_typesupport_fastrtps_c__visibility_control.h
-- Up-to-date: /home/kireiji/Documents/GitHub/CARVER/AMT212E-V/AMT212E-V/AMT212E-V_Micro-ROS/install/amt212ev_interfaces/include/amt212ev_interfaces/amt212ev_interfaces/msg/detail
-- Installing: /home/kireiji/Documents/GitHub/CARVER/AMT212E-V/AMT212E-V/AMT212E-V_Micro-ROS/install/amt212ev_interfaces/include/amt212ev_interfaces/amt212ev_interfaces/msg/detail/amt_read__rosidl_typesupport_fastrtps_c.h
-- Installing: /home/kireiji/Documents/GitHub/CARVER/AMT212E-V/AMT212E-V/AMT212E-V_Micro-ROS/install/amt212ev_interfaces/lib/libamt212ev_interfaces__rosidl_typesupport_fastrtps_c.so
-- Set runtime path of "/home/kireiji/Documents/GitHub/CARVER/AMT212E-V/AMT212E-V/AMT212E-V_Micro-ROS/install/amt212ev_interfaces/lib/libamt212ev_interfaces__rosidl_typesupport_fastrtps_c.so" to ""
-- Up-to-date: /home/kireiji/Documents/GitHub/CARVER/AMT212E-V/AMT212E-V/AMT212E-V_Micro-ROS/install/amt212ev_interfaces/include/amt212ev_interfaces/amt212ev_interfaces
-- Up-to-date: /home/kireiji/Documents/GitHub/CARVER/AMT212E-V/AMT212E-V/AMT212E-V_Micro-ROS/install/amt212ev_interfaces/include/amt212ev_interfaces/amt212ev_interfaces/msg
-- Up-to-date: /home/kireiji/Documents/GitHub/CARVER/AMT212E-V/AMT212E-V/AMT212E-V_Micro-ROS/install/amt212ev_interfaces/include/amt212ev_interfaces/amt212ev_interfaces/msg/detail
-- Installing: /home/kireiji/Documents/GitHub/CARVER/AMT212E-V/AMT212E-V/AMT212E-V_Micro-ROS/install/amt212ev_interfaces/include/amt212ev_interfaces/amt212ev_interfaces/msg/detail/amt_read__rosidl_typesupport_introspection_c.h
-- Installing: /home/kireiji/Documents/GitHub/CARVER/AMT212E-V/AMT212E-V/AMT212E-V_Micro-ROS/install/amt212ev_interfaces/include/amt212ev_interfaces/amt212ev_interfaces/msg/detail/amt_read__type_support.c
-- Installing: /home/kireiji/Documents/GitHub/CARVER/AMT212E-V/AMT212E-V/AMT212E-V_Micro-ROS/install/amt212ev_interfaces/include/amt212ev_interfaces/amt212ev_interfaces/msg/rosidl_typesupport_introspection_c__visibility_control.h
-- Installing: /home/kireiji/Documents/GitHub/CARVER/AMT212E-V/AMT212E-V/AMT212E-V_Micro-ROS/install/amt212ev_interfaces/lib/libamt212ev_interfaces__rosidl_typesupport_introspection_c.so
-- Set runtime path of "/home/kireiji/Documents/GitHub/CARVER/AMT212E-V/AMT212E-V/AMT212E-V_Micro-ROS/install/amt212ev_interfaces/lib/libamt212ev_interfaces__rosidl_typesupport_introspection_c.so" to ""
-- Installing: /home/kireiji/Documents/GitHub/CARVER/AMT212E-V/AMT212E-V/AMT212E-V_Micro-ROS/install/amt212ev_interfaces/lib/libamt212ev_interfaces__rosidl_typesupport_c.so
-- Set runtime path of "/home/kireiji/Documents/GitHub/CARVER/AMT212E-V/AMT212E-V/AMT212E-V_Micro-ROS/install/amt212ev_interfaces/lib/libamt212ev_interfaces__rosidl_typesupport_c.so" to ""
-- Up-to-date: /home/kireiji/Documents/GitHub/CARVER/AMT212E-V/AMT212E-V/AMT212E-V_Micro-ROS/install/amt212ev_interfaces/include/amt212ev_interfaces/amt212ev_interfaces
-- Up-to-date: /home/kireiji/Documents/GitHub/CARVER/AMT212E-V/AMT212E-V/AMT212E-V_Micro-ROS/install/amt212ev_interfaces/include/amt212ev_interfaces/amt212ev_interfaces/msg
-- Installing: /home/kireiji/Documents/GitHub/CARVER/AMT212E-V/AMT212E-V/AMT212E-V_Micro-ROS/install/amt212ev_interfaces/include/amt212ev_interfaces/amt212ev_interfaces/msg/amt_read.hpp
-- Up-to-date: /home/kireiji/Documents/GitHub/CARVER/AMT212E-V/AMT212E-V/AMT212E-V_Micro-ROS/install/amt212ev_interfaces/include/amt212ev_interfaces/amt212ev_interfaces/msg/detail
-- Installing: /home/kireiji/Documents/GitHub/CARVER/AMT212E-V/AMT212E-V/AMT212E-V_Micro-ROS/install/amt212ev_interfaces/include/amt212ev_interfaces/amt212ev_interfaces/msg/detail/amt_read__struct.hpp
-- Installing: /home/kireiji/Documents/GitHub/CARVER/AMT212E-V/AMT212E-V/AMT212E-V_Micro-ROS/install/amt212ev_interfaces/include/amt212ev_interfaces/amt212ev_interfaces/msg/detail/amt_read__builder.hpp
-- Installing: /home/kireiji/Documents/GitHub/CARVER/AMT212E-V/AMT212E-V/AMT212E-V_Micro-ROS/install/amt212ev_interfaces/include/amt212ev_interfaces/amt212ev_interfaces/msg/detail/amt_read__traits.hpp
-- Up-to-date: /home/kireiji/Documents/GitHub/CARVER/AMT212E-V/AMT212E-V/AMT212E-V_Micro-ROS/install/amt212ev_interfaces/include/amt212ev_interfaces/amt212ev_interfaces
-- Up-to-date: /home/kireiji/Documents/GitHub/CARVER/AMT212E-V/AMT212E-V/AMT212E-V_Micro-ROS/install/amt212ev_interfaces/include/amt212ev_interfaces/amt212ev_interfaces/msg
-- Installing: /home/kireiji/Documents/GitHub/CARVER/AMT212E-V/AMT212E-V/AMT212E-V_Micro-ROS/install/amt212ev_interfaces/include/amt212ev_interfaces/amt212ev_interfaces/msg/rosidl_typesupport_fastrtps_cpp__visibility_control.h
-- Up-to-date: /home/kireiji/Documents/GitHub/CARVER/AMT212E-V/AMT212E-V/AMT212E-V_Micro-ROS/install/amt212ev_interfaces/include/amt212ev_interfaces/amt212ev_interfaces/msg/detail
-- Installing: /home/kireiji/Documents/GitHub/CARVER/AMT212E-V/AMT212E-V/AMT212E-V_Micro-ROS/install/amt212ev_interfaces/include/amt212ev_interfaces/amt212ev_interfaces/msg/detail/dds_fastrtps
-- Installing: /home/kireiji/Documents/GitHub/CARVER/AMT212E-V/AMT212E-V/AMT212E-V_Micro-ROS/install/amt212ev_interfaces/include/amt212ev_interfaces/amt212ev_interfaces/msg/detail/amt_read__rosidl_typesupport_fastrtps_cpp.hpp
-- Installing: /home/kireiji/Documents/GitHub/CARVER/AMT212E-V/AMT212E-V/AMT212E-V_Micro-ROS/install/amt212ev_interfaces/lib/libamt212ev_interfaces__rosidl_typesupport_fastrtps_cpp.so
-- Set runtime path of "/home/kireiji/Documents/GitHub/CARVER/AMT212E-V/AMT212E-V/AMT212E-V_Micro-ROS/install/amt212ev_interfaces/lib/libamt212ev_interfaces__rosidl_typesupport_fastrtps_cpp.so" to ""
-- Up-to-date: /home/kireiji/Documents/GitHub/CARVER/AMT212E-V/AMT212E-V/AMT212E-V_Micro-ROS/install/amt212ev_interfaces/include/amt212ev_interfaces/amt212ev_interfaces
-- Up-to-date: /home/kireiji/Documents/GitHub/CARVER/AMT212E-V/AMT212E-V/AMT212E-V_Micro-ROS/install/amt212ev_interfaces/include/amt212ev_interfaces/amt212ev_interfaces/msg
-- Up-to-date: /home/kireiji/Documents/GitHub/CARVER/AMT212E-V/AMT212E-V/AMT212E-V_Micro-ROS/install/amt212ev_interfaces/include/amt212ev_interfaces/amt212ev_interfaces/msg/detail
-- Installing: /home/kireiji/Documents/GitHub/CARVER/AMT212E-V/AMT212E-V/AMT212E-V_Micro-ROS/install/amt212ev_interfaces/include/amt212ev_interfaces/amt212ev_interfaces/msg/detail/amt_read__type_support.cpp
-- Installing: /home/kireiji/Documents/GitHub/CARVER/AMT212E-V/AMT212E-V/AMT212E-V_Micro-ROS/install/amt212ev_interfaces/include/amt212ev_interfaces/amt212ev_interfaces/msg/detail/amt_read__rosidl_typesupport_introspection_cpp.hpp
-- Installing: /home/kireiji/Documents/GitHub/CARVER/AMT212E-V/AMT212E-V/AMT212E-V_Micro-ROS/install/amt212ev_interfaces/lib/libamt212ev_interfaces__rosidl_typesupport_introspection_cpp.so
-- Set runtime path of "/home/kireiji/Documents/GitHub/CARVER/AMT212E-V/AMT212E-V/AMT212E-V_Micro-ROS/install/amt212ev_interfaces/lib/libamt212ev_interfaces__rosidl_typesupport_introspection_cpp.so" to ""
-- Installing: /home/kireiji/Documents/GitHub/CARVER/AMT212E-V/AMT212E-V/AMT212E-V_Micro-ROS/install/amt212ev_interfaces/lib/libamt212ev_interfaces__rosidl_typesupport_cpp.so
-- Set runtime path of "/home/kireiji/Documents/GitHub/CARVER/AMT212E-V/AMT212E-V/AMT212E-V_Micro-ROS/install/amt212ev_interfaces/lib/libamt212ev_interfaces__rosidl_typesupport_cpp.so" to ""
-- Installing: /home/kireiji/Documents/GitHub/CARVER/AMT212E-V/AMT212E-V/AMT212E-V_Micro-ROS/install/amt212ev_interfaces/share/amt212ev_interfaces/environment/pythonpath.sh
-- Installing: /home/kireiji/Documents/GitHub/CARVER/AMT212E-V/AMT212E-V/AMT212E-V_Micro-ROS/install/amt212ev_interfaces/share/amt212ev_interfaces/environment/pythonpath.dsv
-- Installing: /home/kireiji/Documents/GitHub/CARVER/AMT212E-V/AMT212E-V/AMT212E-V_Micro-ROS/install/amt212ev_interfaces/lib/python3.10/site-packages/amt212ev_interfaces-0.0.0-py3.10.egg-info
-- Installing: /home/kireiji/Documents/GitHub/CARVER/AMT212E-V/AMT212E-V/AMT212E-V_Micro-ROS/install/amt212ev_interfaces/lib/python3.10/site-packages/amt212ev_interfaces-0.0.0-py3.10.egg-info/PKG-INFO
-- Installing: /home/kireiji/Documents/GitHub/CARVER/AMT212E-V/AMT212E-V/AMT212E-V_Micro-ROS/install/amt212ev_interfaces/lib/python3.10/site-packages/amt212ev_interfaces-0.0.0-py3.10.egg-info/dependency_links.txt
-- Installing: /home/kireiji/Documents/GitHub/CARVER/AMT212E-V/AMT212E-V/AMT212E-V_Micro-ROS/install/amt212ev_interfaces/lib/python3.10/site-packages/amt212ev_interfaces-0.0.0-py3.10.egg-info/top_level.txt
-- Installing: /home/kireiji/Documents/GitHub/CARVER/AMT212E-V/AMT212E-V/AMT212E-V_Micro-ROS/install/amt212ev_interfaces/lib/python3.10/site-packages/amt212ev_interfaces-0.0.0-py3.10.egg-info/SOURCES.txt
-- Installing: /home/kireiji/Documents/GitHub/CARVER/AMT212E-V/AMT212E-V/AMT212E-V_Micro-ROS/install/amt212ev_interfaces/lib/python3.10/site-packages/amt212ev_interfaces
-- Installing: /home/kireiji/Documents/GitHub/CARVER/AMT212E-V/AMT212E-V/AMT212E-V_Micro-ROS/install/amt212ev_interfaces/lib/python3.10/site-packages/amt212ev_interfaces/_amt212ev_interfaces_s.ep.rosidl_typesupport_fastrtps_c.c
-- Installing: /home/kireiji/Documents/GitHub/CARVER/AMT212E-V/AMT212E-V/AMT212E-V_Micro-ROS/install/amt212ev_interfaces/lib/python3.10/site-packages/amt212ev_interfaces/_amt212ev_interfaces_s.ep.rosidl_typesupport_c.c
-- Installing: /home/kireiji/Documents/GitHub/CARVER/AMT212E-V/AMT212E-V/AMT212E-V_Micro-ROS/install/amt212ev_interfaces/lib/python3.10/site-packages/amt212ev_interfaces/__init__.py
-- Installing: /home/kireiji/Documents/GitHub/CARVER/AMT212E-V/AMT212E-V/AMT212E-V_Micro-ROS/install/amt212ev_interfaces/lib/python3.10/site-packages/amt212ev_interfaces/amt212ev_interfaces_s__rosidl_typesupport_c.cpython-310-x86_64-linux-gnu.so
-- Installing: /home/kireiji/Documents/GitHub/CARVER/AMT212E-V/AMT212E-V/AMT212E-V_Micro-ROS/install/amt212ev_interfaces/lib/python3.10/site-packages/amt212ev_interfaces/msg
-- Installing: /home/kireiji/Documents/GitHub/CARVER/AMT212E-V/AMT212E-V/AMT212E-V_Micro-ROS/install/amt212ev_interfaces/lib/python3.10/site-packages/amt212ev_interfaces/msg/_amt_read_s.c
-- Installing: /home/kireiji/Documents/GitHub/CARVER/AMT212E-V/AMT212E-V/AMT212E-V_Micro-ROS/install/amt212ev_interfaces/lib/python3.10/site-packages/amt212ev_interfaces/msg/__init__.py
-- Installing: /home/kireiji/Documents/GitHub/CARVER/AMT212E-V/AMT212E-V/AMT212E-V_Micro-ROS/install/amt212ev_interfaces/lib/python3.10/site-packages/amt212ev_interfaces/msg/_amt_read.py
-- Installing: /home/kireiji/Documents/GitHub/CARVER/AMT212E-V/AMT212E-V/AMT212E-V_Micro-ROS/install/amt212ev_interfaces/lib/python3.10/site-packages/amt212ev_interfaces/libamt212ev_interfaces__rosidl_generator_py.so
-- Installing: /home/kireiji/Documents/GitHub/CARVER/AMT212E-V/AMT212E-V/AMT212E-V_Micro-ROS/install/amt212ev_interfaces/lib/python3.10/site-packages/amt212ev_interfaces/_amt212ev_interfaces_s.ep.rosidl_typesupport_introspection_c.c
-- Installing: /home/kireiji/Documents/GitHub/CARVER/AMT212E-V/AMT212E-V/AMT212E-V_Micro-ROS/install/amt212ev_interfaces/lib/python3.10/site-packages/amt212ev_interfaces/amt212ev_interfaces_s__rosidl_typesupport_fastrtps_c.cpython-310-x86_64-linux-gnu.so
-- Installing: /home/kireiji/Documents/GitHub/CARVER/AMT212E-V/AMT212E-V/AMT212E-V_Micro-ROS/install/amt212ev_interfaces/lib/python3.10/site-packages/amt212ev_interfaces/amt212ev_interfaces_s__rosidl_typesupport_introspection_c.cpython-310-x86_64-linux-gnu.so
Listing '/home/kireiji/Documents/GitHub/CARVER/AMT212E-V/AMT212E-V/AMT212E-V_Micro-ROS/install/amt212ev_interfaces/lib/python3.10/site-packages/amt212ev_interfaces'...
Compiling '/home/kireiji/Documents/GitHub/CARVER/AMT212E-V/AMT212E-V/AMT212E-V_Micro-ROS/install/amt212ev_interfaces/lib/python3.10/site-packages/amt212ev_interfaces/__init__.py'...
Listing '/home/kireiji/Documents/GitHub/CARVER/AMT212E-V/AMT212E-V/AMT212E-V_Micro-ROS/install/amt212ev_interfaces/lib/python3.10/site-packages/amt212ev_interfaces/msg'...
Compiling '/home/kireiji/Documents/GitHub/CARVER/AMT212E-V/AMT212E-V/AMT212E-V_Micro-ROS/install/amt212ev_interfaces/lib/python3.10/site-packages/amt212ev_interfaces/msg/__init__.py'...
Compiling '/home/kireiji/Documents/GitHub/CARVER/AMT212E-V/AMT212E-V/AMT212E-V_Micro-ROS/install/amt212ev_interfaces/lib/python3.10/site-packages/amt212ev_interfaces/msg/_amt_read.py'...
-- Installing: /home/kireiji/Documents/GitHub/CARVER/AMT212E-V/AMT212E-V/AMT212E-V_Micro-ROS/install/amt212ev_interfaces/lib/python3.10/site-packages/amt212ev_interfaces/amt212ev_interfaces_s__rosidl_typesupport_fastrtps_c.cpython-310-x86_64-linux-gnu.so
-- Set runtime path of "/home/kireiji/Documents/GitHub/CARVER/AMT212E-V/AMT212E-V/AMT212E-V_Micro-ROS/install/amt212ev_interfaces/lib/python3.10/site-packages/amt212ev_interfaces/amt212ev_interfaces_s__rosidl_typesupport_fastrtps_c.cpython-310-x86_64-linux-gnu.so" to ""
-- Installing: /home/kireiji/Documents/GitHub/CARVER/AMT212E-V/AMT212E-V/AMT212E-V_Micro-ROS/install/amt212ev_interfaces/lib/python3.10/site-packages/amt212ev_interfaces/amt212ev_interfaces_s__rosidl_typesupport_introspection_c.cpython-310-x86_64-linux-gnu.so
-- Set runtime path of "/home/kireiji/Documents/GitHub/CARVER/AMT212E-V/AMT212E-V/AMT212E-V_Micro-ROS/install/amt212ev_interfaces/lib/python3.10/site-packages/amt212ev_interfaces/amt212ev_interfaces_s__rosidl_typesupport_introspection_c.cpython-310-x86_64-linux-gnu.so" to ""
-- Installing: /home/kireiji/Documents/GitHub/CARVER/AMT212E-V/AMT212E-V/AMT212E-V_Micro-ROS/install/amt212ev_interfaces/lib/python3.10/site-packages/amt212ev_interfaces/amt212ev_interfaces_s__rosidl_typesupport_c.cpython-310-x86_64-linux-gnu.so
-- Set runtime path of "/home/kireiji/Documents/GitHub/CARVER/AMT212E-V/AMT212E-V/AMT212E-V_Micro-ROS/install/amt212ev_interfaces/lib/python3.10/site-packages/amt212ev_interfaces/amt212ev_interfaces_s__rosidl_typesupport_c.cpython-310-x86_64-linux-gnu.so" to ""
-- Installing: /home/kireiji/Documents/GitHub/CARVER/AMT212E-V/AMT212E-V/AMT212E-V_Micro-ROS/install/amt212ev_interfaces/lib/libamt212ev_interfaces__rosidl_generator_py.so
-- Set runtime path of "/home/kireiji/Documents/GitHub/CARVER/AMT212E-V/AMT212E-V/AMT212E-V_Micro-ROS/install/amt212ev_interfaces/lib/libamt212ev_interfaces__rosidl_generator_py.so" to ""
-- Installing: /home/kireiji/Documents/GitHub/CARVER/AMT212E-V/AMT212E-V/AMT212E-V_Micro-ROS/install/amt212ev_interfaces/share/amt212ev_interfaces/msg/AmtRead.idl
-- Installing: /home/kireiji/Documents/GitHub/CARVER/AMT212E-V/AMT212E-V/AMT212E-V_Micro-ROS/install/amt212ev_interfaces/share/amt212ev_interfaces/msg/AmtRead.msg
-- Installing: /home/kireiji/Documents/GitHub/CARVER/AMT212E-V/AMT212E-V/AMT212E-V_Micro-ROS/install/amt212ev_interfaces/share/ament_index/resource_index/package_run_dependencies/amt212ev_interfaces
-- Installing: /home/kireiji/Documents/GitHub/CARVER/AMT212E-V/AMT212E-V/AMT212E-V_Micro-ROS/install/amt212ev_interfaces/share/ament_index/resource_index/parent_prefix_path/amt212ev_interfaces
-- Up-to-date: /home/kireiji/Documents/GitHub/CARVER/AMT212E-V/AMT212E-V/AMT212E-V_Micro-ROS/install/amt212ev_interfaces/share/amt212ev_interfaces/environment/ament_prefix_path.sh
-- Installing: /home/kireiji/Documents/GitHub/CARVER/AMT212E-V/AMT212E-V/AMT212E-V_Micro-ROS/install/amt212ev_interfaces/share/amt212ev_interfaces/environment/ament_prefix_path.dsv
-- Up-to-date: /home/kireiji/Documents/GitHub/CARVER/AMT212E-V/AMT212E-V/AMT212E-V_Micro-ROS/install/amt212ev_interfaces/share/amt212ev_interfaces/environment/path.sh
-- Installing: /home/kireiji/Documents/GitHub/CARVER/AMT212E-V/AMT212E-V/AMT212E-V_Micro-ROS/install/amt212ev_interfaces/share/amt212ev_interfaces/environment/path.dsv
-- Up-to-date: /home/kireiji/Documents/GitHub/CARVER/AMT212E-V/AMT212E-V/AMT212E-V_Micro-ROS/install/amt212ev_interfaces/share/amt212ev_interfaces/local_setup.bash
-- Installing: /home/kireiji/Documents/GitHub/CARVER/AMT212E-V/AMT212E-V/AMT212E-V_Micro-ROS/install/amt212ev_interfaces/share/amt212ev_interfaces/local_setup.sh
-- Up-to-date: /home/kireiji/Documents/GitHub/CARVER/AMT212E-V/AMT212E-V/AMT212E-V_Micro-ROS/install/amt212ev_interfaces/share/amt212ev_interfaces/local_setup.zsh
-- Installing: /home/kireiji/Documents/GitHub/CARVER/AMT212E-V/AMT212E-V/AMT212E-V_Micro-ROS/install/amt212ev_interfaces/share/amt212ev_interfaces/local_setup.dsv
-- Installing: /home/kireiji/Documents/GitHub/CARVER/AMT212E-V/AMT212E-V/AMT212E-V_Micro-ROS/install/amt212ev_interfaces/share/amt212ev_interfaces/package.dsv
-- Up-to-date: /home/kireiji/Documents/GitHub/CARVER/AMT212E-V/AMT212E-V/AMT212E-V_Micro-ROS/install/amt212ev_interfaces/share/ament_index/resource_index/packages/amt212ev_interfaces
-- Installing: /home/kireiji/Documents/GitHub/CARVER/AMT212E-V/AMT212E-V/AMT212E-V_Micro-ROS/install/amt212ev_interfaces/share/amt212ev_interfaces/cmake/export_amt212ev_interfaces__rosidl_generator_cExport.cmake
-- Installing: /home/kireiji/Documents/GitHub/CARVER/AMT212E-V/AMT212E-V/AMT212E-V_Micro-ROS/install/amt212ev_interfaces/share/amt212ev_interfaces/cmake/export_amt212ev_interfaces__rosidl_generator_cExport-noconfig.cmake
-- Installing: /home/kireiji/Documents/GitHub/CARVER/AMT212E-V/AMT212E-V/AMT212E-V_Micro-ROS/install/amt212ev_interfaces/share/amt212ev_interfaces/cmake/export_amt212ev_interfaces__rosidl_typesupport_fastrtps_cExport.cmake
-- Installing: /home/kireiji/Documents/GitHub/CARVER/AMT212E-V/AMT212E-V/AMT212E-V_Micro-ROS/install/amt212ev_interfaces/share/amt212ev_interfaces/cmake/export_amt212ev_interfaces__rosidl_typesupport_fastrtps_cExport-noconfig.cmake
-- Installing: /home/kireiji/Documents/GitHub/CARVER/AMT212E-V/AMT212E-V/AMT212E-V_Micro-ROS/install/amt212ev_interfaces/share/amt212ev_interfaces/cmake/amt212ev_interfaces__rosidl_typesupport_introspection_cExport.cmake
-- Installing: /home/kireiji/Documents/GitHub/CARVER/AMT212E-V/AMT212E-V/AMT212E-V_Micro-ROS/install/amt212ev_interfaces/share/amt212ev_interfaces/cmake/amt212ev_interfaces__rosidl_typesupport_introspection_cExport-noconfig.cmake
-- Installing: /home/kireiji/Documents/GitHub/CARVER/AMT212E-V/AMT212E-V/AMT212E-V_Micro-ROS/install/amt212ev_interfaces/share/amt212ev_interfaces/cmake/amt212ev_interfaces__rosidl_typesupport_cExport.cmake
-- Installing: /home/kireiji/Documents/GitHub/CARVER/AMT212E-V/AMT212E-V/AMT212E-V_Micro-ROS/install/amt212ev_interfaces/share/amt212ev_interfaces/cmake/amt212ev_interfaces__rosidl_typesupport_cExport-noconfig.cmake
-- Installing: /home/kireiji/Documents/GitHub/CARVER/AMT212E-V/AMT212E-V/AMT212E-V_Micro-ROS/install/amt212ev_interfaces/share/amt212ev_interfaces/cmake/export_amt212ev_interfaces__rosidl_generator_cppExport.cmake
-- Installing: /home/kireiji/Documents/GitHub/CARVER/AMT212E-V/AMT212E-V/AMT212E-V_Micro-ROS/install/amt212ev_interfaces/share/amt212ev_interfaces/cmake/export_amt212ev_interfaces__rosidl_typesupport_fastrtps_cppExport.cmake
-- Installing: /home/kireiji/Documents/GitHub/CARVER/AMT212E-V/AMT212E-V/AMT212E-V_Micro-ROS/install/amt212ev_interfaces/share/amt212ev_interfaces/cmake/export_amt212ev_interfaces__rosidl_typesupport_fastrtps_cppExport-noconfig.cmake
-- Installing: /home/kireiji/Documents/GitHub/CARVER/AMT212E-V/AMT212E-V/AMT212E-V_Micro-ROS/install/amt212ev_interfaces/share/amt212ev_interfaces/cmake/amt212ev_interfaces__rosidl_typesupport_introspection_cppExport.cmake
-- Installing: /home/kireiji/Documents/GitHub/CARVER/AMT212E-V/AMT212E-V/AMT212E-V_Micro-ROS/install/amt212ev_interfaces/share/amt212ev_interfaces/cmake/amt212ev_interfaces__rosidl_typesupport_introspection_cppExport-noconfig.cmake
-- Installing: /home/kireiji/Documents/GitHub/CARVER/AMT212E-V/AMT212E-V/AMT212E-V_Micro-ROS/install/amt212ev_interfaces/share/amt212ev_interfaces/cmake/amt212ev_interfaces__rosidl_typesupport_cppExport.cmake
-- Installing: /home/kireiji/Documents/GitHub/CARVER/AMT212E-V/AMT212E-V/AMT212E-V_Micro-ROS/install/amt212ev_interfaces/share/amt212ev_interfaces/cmake/amt212ev_interfaces__rosidl_typesupport_cppExport-noconfig.cmake
-- Installing: /home/kireiji/Documents/GitHub/CARVER/AMT212E-V/AMT212E-V/AMT212E-V_Micro-ROS/install/amt212ev_interfaces/share/amt212ev_interfaces/cmake/export_amt212ev_interfaces__rosidl_generator_pyExport.cmake
-- Installing: /home/kireiji/Documents/GitHub/CARVER/AMT212E-V/AMT212E-V/AMT212E-V_Micro-ROS/install/amt212ev_interfaces/share/amt212ev_interfaces/cmake/export_amt212ev_interfaces__rosidl_generator_pyExport-noconfig.cmake
-- Installing: /home/kireiji/Documents/GitHub/CARVER/AMT212E-V/AMT212E-V/AMT212E-V_Micro-ROS/install/amt212ev_interfaces/share/amt212ev_interfaces/cmake/rosidl_cmake-extras.cmake
-- Installing: /home/kireiji/Documents/GitHub/CARVER/AMT212E-V/AMT212E-V/AMT212E-V_Micro-ROS/install/amt212ev_interfaces/share/amt212ev_interfaces/cmake/ament_cmake_export_include_directories-extras.cmake
-- Installing: /home/kireiji/Documents/GitHub/CARVER/AMT212E-V/AMT212E-V/AMT212E-V_Micro-ROS/install/amt212ev_interfaces/share/amt212ev_interfaces/cmake/ament_cmake_export_libraries-extras.cmake
-- Installing: /home/kireiji/Documents/GitHub/CARVER/AMT212E-V/AMT212E-V/AMT212E-V_Micro-ROS/install/amt212ev_interfaces/share/amt212ev_interfaces/cmake/ament_cmake_export_targets-extras.cmake
-- Installing: /home/kireiji/Documents/GitHub/CARVER/AMT212E-V/AMT212E-V/AMT212E-V_Micro-ROS/install/amt212ev_interfaces/share/amt212ev_interfaces/cmake/rosidl_cmake_export_typesupport_targets-extras.cmake
-- Installing: /home/kireiji/Documents/GitHub/CARVER/AMT212E-V/AMT212E-V/AMT212E-V_Micro-ROS/install/amt212ev_interfaces/share/amt212ev_interfaces/cmake/ament_cmake_export_dependencies-extras.cmake
-- Installing: /home/kireiji/Documents/GitHub/CARVER/AMT212E-V/AMT212E-V/AMT212E-V_Micro-ROS/install/amt212ev_interfaces/share/amt212ev_interfaces/cmake/rosidl_cmake_export_typesupport_libraries-extras.cmake
-- Installing: /home/kireiji/Documents/GitHub/CARVER/AMT212E-V/AMT212E-V/AMT212E-V_Micro-ROS/install/amt212ev_interfaces/share/amt212ev_interfaces/cmake/amt212ev_interfacesConfig.cmake
-- Up-to-date: /home/kireiji/Documents/GitHub/CARVER/AMT212E-V/AMT212E-V/AMT212E-V_Micro-ROS/install/amt212ev_interfaces/share/amt212ev_interfaces/cmake/amt212ev_interfacesConfig-version.cmake
-- Installing: /home/kireiji/Documents/GitHub/CARVER/AMT212E-V/AMT212E-V/AMT212E-V_Micro-ROS/install/amt212ev_interfaces/share/amt212ev_interfaces/package.xml
