[0.009s] Invoking command in '/home/kireiji/Documents/GitHub/CARVER/AMT212E-V/AMT212E-V/AMT212E-V_Micro-ROS/build/amt212ev_interfaces': CMAKE_PREFIX_PATH=${CMAKE_PREFIX_PATH}:/home/kireiji/ros2_ws/install/my_py_pkg:/opt/ros/humble /usr/bin/cmake --build /home/kireiji/Documents/GitHub/CARVER/AMT212E-V/AMT212E-V/AMT212E-V_Micro-ROS/build/amt212ev_interfaces -- -j16 -l16
[0.026s] -- Found ament_cmake: 1.3.10 (/opt/ros/humble/share/ament_cmake/cmake)
[0.125s] -- Found rosidl_default_generators: 1.2.0 (/opt/ros/humble/share/rosidl_default_generators/cmake)
[0.127s] -- Using all available rosidl_typesupport_c: rosidl_typesupport_fastrtps_c;rosidl_typesupport_introspection_c
[0.129s] -- Found rosidl_adapter: 3.1.5 (/opt/ros/humble/share/rosidl_adapter/cmake)
[0.148s] -- Using all available rosidl_typesupport_cpp: rosidl_typesupport_fastrtps_cpp;rosidl_typesupport_introspection_cpp
[0.163s] -- Found ament_lint_auto: 0.12.11 (/opt/ros/humble/share/ament_lint_auto/cmake)
[0.366s] -- Found ament_cmake_ros: 0.10.0 (/opt/ros/humble/share/ament_cmake_ros/cmake)
[0.505s] -- Using all available rosidl_typesupport_c: rosidl_typesupport_fastrtps_c;rosidl_typesupport_introspection_c
[0.681s] -- Using all available rosidl_typesupport_cpp: rosidl_typesupport_fastrtps_cpp;rosidl_typesupport_introspection_cpp
[0.700s] -- Found PythonInterp: /usr/local/bin/python3 (found suitable version "3.10", minimum required is "3.6") 
[0.702s] -- Found python_cmake_module: 0.10.0 (/opt/ros/humble/share/python_cmake_module/cmake)
[0.723s] -- Found PythonLibs: /usr/local/lib/libpython3.10.a (found suitable version "3.10.0", minimum required is "3.5") 
[0.723s] -- Using PYTHON_EXECUTABLE: /usr/local/bin/python3
[0.723s] -- Using PYTHON_INCLUDE_DIRS: /usr/local/include/python3.10
[0.723s] -- Using PYTHON_LIBRARIES: /usr/local/lib/libpython3.10.a
[0.742s] -- Found PythonExtra: .so  
[0.936s] -- Using numpy include directory: /home/kireiji/.local/lib/python3.10/site-packages/numpy/core/include
[0.944s] -- Added test 'lint_cmake' to check CMake code style
[0.945s] -- Added test 'xmllint' to check XML markup files
[0.949s] -- Configuring done
[0.964s] -- Generating done
[0.966s] -- Build files have been written to: /home/kireiji/Documents/GitHub/CARVER/AMT212E-V/AMT212E-V/AMT212E-V_Micro-ROS/build/amt212ev_interfaces
[0.984s] [  3%] [34m[1mGenerating C code for ROS interfaces[0m
[0.990s] [  6%] [34m[1mGenerating C++ code for ROS interfaces[0m
[0.996s] [  6%] Built target ament_cmake_python_copy_amt212ev_interfaces
[1.176s] running egg_info
[1.176s] creating amt212ev_interfaces.egg-info
[1.176s] writing manifest file 'amt212ev_interfaces.egg-info/SOURCES.txt'
[1.179s] writing manifest file 'amt212ev_interfaces.egg-info/SOURCES.txt'
[1.192s] [  6%] Built target amt212ev_interfaces__cpp
[1.200s] [ 16%] [34m[1mGenerating C++ type support for eProsima Fast-RTPS[0m
[1.200s] [ 16%] [34m[1mGenerating C++ introspection for ROS interfaces[0m
[1.200s] [ 16%] [34m[1mGenerating C++ type support dispatch for ROS interfaces[0m
[1.201s] [ 16%] Built target ament_cmake_python_build_amt212ev_interfaces_egg
[1.207s] [ 19%] [32mBuilding C object CMakeFiles/amt212ev_interfaces__rosidl_generator_c.dir/rosidl_generator_c/amt212ev_interfaces/msg/detail/amt_read__functions.c.o[0m
[1.253s] [ 22%] [32m[1mLinking C shared library libamt212ev_interfaces__rosidl_generator_c.so[0m
[1.280s] [ 22%] Built target amt212ev_interfaces__rosidl_generator_c
[1.289s] [ 29%] [34m[1mGenerating C introspection for ROS interfaces[0m
[1.289s] [ 29%] [34m[1mGenerating C type support dispatch for ROS interfaces[0m
[1.289s] [ 32%] [34m[1mGenerating C type support for eProsima Fast-RTPS[0m
[1.415s] [ 35%] [32mBuilding CXX object CMakeFiles/amt212ev_interfaces__rosidl_typesupport_cpp.dir/rosidl_typesupport_cpp/amt212ev_interfaces/msg/amt_read__type_support.cpp.o[0m
[1.431s] [ 38%] [32mBuilding CXX object CMakeFiles/amt212ev_interfaces__rosidl_typesupport_introspection_cpp.dir/rosidl_typesupport_introspection_cpp/amt212ev_interfaces/msg/detail/amt_read__type_support.cpp.o[0m
[1.431s] [ 41%] [32mBuilding CXX object CMakeFiles/amt212ev_interfaces__rosidl_typesupport_fastrtps_cpp.dir/rosidl_typesupport_fastrtps_cpp/amt212ev_interfaces/msg/detail/dds_fastrtps/amt_read__type_support.cpp.o[0m
[1.512s] [ 45%] [32mBuilding CXX object CMakeFiles/amt212ev_interfaces__rosidl_typesupport_c.dir/rosidl_typesupport_c/amt212ev_interfaces/msg/amt_read__type_support.cpp.o[0m
[1.540s] [ 48%] [32m[1mLinking CXX shared library libamt212ev_interfaces__rosidl_typesupport_c.so[0m
[1.545s] [ 51%] [32mBuilding CXX object CMakeFiles/amt212ev_interfaces__rosidl_typesupport_fastrtps_c.dir/rosidl_typesupport_fastrtps_c/amt212ev_interfaces/msg/detail/amt_read__type_support_c.cpp.o[0m
[1.555s] [ 54%] [32mBuilding C object CMakeFiles/amt212ev_interfaces__rosidl_typesupport_introspection_c.dir/rosidl_typesupport_introspection_c/amt212ev_interfaces/msg/detail/amt_read__type_support.c.o[0m
[1.575s] [ 54%] Built target amt212ev_interfaces__rosidl_typesupport_c
[1.581s] [ 58%] [32m[1mLinking C shared library libamt212ev_interfaces__rosidl_typesupport_introspection_c.so[0m
[1.605s] [ 58%] Built target amt212ev_interfaces__rosidl_typesupport_introspection_c
[1.635s] [ 61%] [32m[1mLinking CXX shared library libamt212ev_interfaces__rosidl_typesupport_cpp.so[0m
[1.666s] [ 61%] Built target amt212ev_interfaces__rosidl_typesupport_cpp
[1.715s] [ 64%] [32m[1mLinking CXX shared library libamt212ev_interfaces__rosidl_typesupport_introspection_cpp.so[0m
[1.722s] [ 67%] [32m[1mLinking CXX shared library libamt212ev_interfaces__rosidl_typesupport_fastrtps_cpp.so[0m
[1.746s] [ 67%] Built target amt212ev_interfaces__rosidl_typesupport_introspection_cpp
[1.775s] [ 67%] Built target amt212ev_interfaces__rosidl_typesupport_fastrtps_cpp
[1.780s] [ 70%] [32m[1mLinking CXX shared library libamt212ev_interfaces__rosidl_typesupport_fastrtps_c.so[0m
[1.828s] [ 70%] Built target amt212ev_interfaces__rosidl_typesupport_fastrtps_c
[1.843s] [ 70%] Built target amt212ev_interfaces
[1.856s] [ 74%] [34m[1mGenerating Python code for ROS interfaces[0m
[2.097s] [ 74%] Built target amt212ev_interfaces__py
[2.112s] [ 77%] [32mBuilding C object CMakeFiles/amt212ev_interfaces__rosidl_generator_py.dir/rosidl_generator_py/amt212ev_interfaces/msg/_amt_read_s.c.o[0m
[2.196s] [ 80%] [32m[1mLinking C shared library rosidl_generator_py/amt212ev_interfaces/libamt212ev_interfaces__rosidl_generator_py.so[0m
[2.399s] [ 80%] Built target amt212ev_interfaces__rosidl_generator_py
[2.414s] [ 90%] [32mBuilding C object CMakeFiles/amt212ev_interfaces__rosidl_typesupport_c__pyext.dir/rosidl_generator_py/amt212ev_interfaces/_amt212ev_interfaces_s.ep.rosidl_typesupport_c.c.o[0m
[2.414s] [ 90%] [32mBuilding C object CMakeFiles/amt212ev_interfaces__rosidl_typesupport_introspection_c__pyext.dir/rosidl_generator_py/amt212ev_interfaces/_amt212ev_interfaces_s.ep.rosidl_typesupport_introspection_c.c.o[0m
[2.414s] [ 90%] [32mBuilding C object CMakeFiles/amt212ev_interfaces__rosidl_typesupport_fastrtps_c__pyext.dir/rosidl_generator_py/amt212ev_interfaces/_amt212ev_interfaces_s.ep.rosidl_typesupport_fastrtps_c.c.o[0m
[2.474s] [ 96%] [32m[1mLinking C shared library rosidl_generator_py/amt212ev_interfaces/amt212ev_interfaces_s__rosidl_typesupport_c.cpython-310-x86_64-linux-gnu.so[0m
[2.474s] [ 96%] [32m[1mLinking C shared library rosidl_generator_py/amt212ev_interfaces/amt212ev_interfaces_s__rosidl_typesupport_introspection_c.cpython-310-x86_64-linux-gnu.so[0m
[2.474s] [100%] [32m[1mLinking C shared library rosidl_generator_py/amt212ev_interfaces/amt212ev_interfaces_s__rosidl_typesupport_fastrtps_c.cpython-310-x86_64-linux-gnu.so[0m
[2.497s] [100%] Built target amt212ev_interfaces__rosidl_typesupport_c__pyext
[2.497s] [100%] Built target amt212ev_interfaces__rosidl_typesupport_introspection_c__pyext
[2.497s] [100%] Built target amt212ev_interfaces__rosidl_typesupport_fastrtps_c__pyext
[2.504s] Invoked command in '/home/kireiji/Documents/GitHub/CARVER/AMT212E-V/AMT212E-V/AMT212E-V_Micro-ROS/build/amt212ev_interfaces' returned '0': CMAKE_PREFIX_PATH=${CMAKE_PREFIX_PATH}:/home/kireiji/ros2_ws/install/my_py_pkg:/opt/ros/humble /usr/bin/cmake --build /home/kireiji/Documents/GitHub/CARVER/AMT212E-V/AMT212E-V/AMT212E-V_Micro-ROS/build/amt212ev_interfaces -- -j16 -l16
[2.558s] Invoking command in '/home/kireiji/Documents/GitHub/CARVER/AMT212E-V/AMT212E-V/AMT212E-V_Micro-ROS/build/amt212ev_interfaces': CMAKE_PREFIX_PATH=${CMAKE_PREFIX_PATH}:/home/kireiji/ros2_ws/install/my_py_pkg:/opt/ros/humble /usr/bin/cmake --install /home/kireiji/Documents/GitHub/CARVER/AMT212E-V/AMT212E-V/AMT212E-V_Micro-ROS/build/amt212ev_interfaces
[2.563s] -- Install configuration: ""
[2.563s] -- Installing: /home/kireiji/Documents/GitHub/CARVER/AMT212E-V/AMT212E-V/AMT212E-V_Micro-ROS/install/amt212ev_interfaces/share/ament_index/resource_index/rosidl_interfaces/amt212ev_interfaces
[2.563s] -- Installing: /home/kireiji/Documents/GitHub/CARVER/AMT212E-V/AMT212E-V/AMT212E-V_Micro-ROS/install/amt212ev_interfaces/include/amt212ev_interfaces/amt212ev_interfaces
[2.563s] -- Installing: /home/kireiji/Documents/GitHub/CARVER/AMT212E-V/AMT212E-V/AMT212E-V_Micro-ROS/install/amt212ev_interfaces/include/amt212ev_interfaces/amt212ev_interfaces/msg
[2.563s] -- Installing: /home/kireiji/Documents/GitHub/CARVER/AMT212E-V/AMT212E-V/AMT212E-V_Micro-ROS/install/amt212ev_interfaces/include/amt212ev_interfaces/amt212ev_interfaces/msg/amt_read.h
[2.563s] -- Installing: /home/kireiji/Documents/GitHub/CARVER/AMT212E-V/AMT212E-V/AMT212E-V_Micro-ROS/install/amt212ev_interfaces/include/amt212ev_interfaces/amt212ev_interfaces/msg/rosidl_generator_c__visibility_control.h
[2.563s] -- Installing: /home/kireiji/Documents/GitHub/CARVER/AMT212E-V/AMT212E-V/AMT212E-V_Micro-ROS/install/amt212ev_interfaces/include/amt212ev_interfaces/amt212ev_interfaces/msg/detail
[2.564s] -- Installing: /home/kireiji/Documents/GitHub/CARVER/AMT212E-V/AMT212E-V/AMT212E-V_Micro-ROS/install/amt212ev_interfaces/include/amt212ev_interfaces/amt212ev_interfaces/msg/detail/amt_read__functions.c
[2.564s] -- Installing: /home/kireiji/Documents/GitHub/CARVER/AMT212E-V/AMT212E-V/AMT212E-V_Micro-ROS/install/amt212ev_interfaces/include/amt212ev_interfaces/amt212ev_interfaces/msg/detail/amt_read__type_support.h
[2.564s] -- Installing: /home/kireiji/Documents/GitHub/CARVER/AMT212E-V/AMT212E-V/AMT212E-V_Micro-ROS/install/amt212ev_interfaces/include/amt212ev_interfaces/amt212ev_interfaces/msg/detail/amt_read__struct.h
[2.564s] -- Installing: /home/kireiji/Documents/GitHub/CARVER/AMT212E-V/AMT212E-V/AMT212E-V_Micro-ROS/install/amt212ev_interfaces/include/amt212ev_interfaces/amt212ev_interfaces/msg/detail/amt_read__functions.h
[2.564s] -- Installing: /home/kireiji/Documents/GitHub/CARVER/AMT212E-V/AMT212E-V/AMT212E-V_Micro-ROS/install/amt212ev_interfaces/share/amt212ev_interfaces/environment/library_path.sh
[2.564s] -- Installing: /home/kireiji/Documents/GitHub/CARVER/AMT212E-V/AMT212E-V/AMT212E-V_Micro-ROS/install/amt212ev_interfaces/share/amt212ev_interfaces/environment/library_path.dsv
[2.564s] -- Installing: /home/kireiji/Documents/GitHub/CARVER/AMT212E-V/AMT212E-V/AMT212E-V_Micro-ROS/install/amt212ev_interfaces/lib/libamt212ev_interfaces__rosidl_generator_c.so
[2.564s] -- Set runtime path of "/home/kireiji/Documents/GitHub/CARVER/AMT212E-V/AMT212E-V/AMT212E-V_Micro-ROS/install/amt212ev_interfaces/lib/libamt212ev_interfaces__rosidl_generator_c.so" to ""
[2.564s] -- Up-to-date: /home/kireiji/Documents/GitHub/CARVER/AMT212E-V/AMT212E-V/AMT212E-V_Micro-ROS/install/amt212ev_interfaces/include/amt212ev_interfaces/amt212ev_interfaces
[2.564s] -- Up-to-date: /home/kireiji/Documents/GitHub/CARVER/AMT212E-V/AMT212E-V/AMT212E-V_Micro-ROS/install/amt212ev_interfaces/include/amt212ev_interfaces/amt212ev_interfaces/msg
[2.564s] -- Installing: /home/kireiji/Documents/GitHub/CARVER/AMT212E-V/AMT212E-V/AMT212E-V_Micro-ROS/install/amt212ev_interfaces/include/amt212ev_interfaces/amt212ev_interfaces/msg/rosidl_typesupport_fastrtps_c__visibility_control.h
[2.564s] -- Up-to-date: /home/kireiji/Documents/GitHub/CARVER/AMT212E-V/AMT212E-V/AMT212E-V_Micro-ROS/install/amt212ev_interfaces/include/amt212ev_interfaces/amt212ev_interfaces/msg/detail
[2.564s] -- Installing: /home/kireiji/Documents/GitHub/CARVER/AMT212E-V/AMT212E-V/AMT212E-V_Micro-ROS/install/amt212ev_interfaces/include/amt212ev_interfaces/amt212ev_interfaces/msg/detail/amt_read__rosidl_typesupport_fastrtps_c.h
[2.564s] -- Installing: /home/kireiji/Documents/GitHub/CARVER/AMT212E-V/AMT212E-V/AMT212E-V_Micro-ROS/install/amt212ev_interfaces/lib/libamt212ev_interfaces__rosidl_typesupport_fastrtps_c.so
[2.564s] -- Set runtime path of "/home/kireiji/Documents/GitHub/CARVER/AMT212E-V/AMT212E-V/AMT212E-V_Micro-ROS/install/amt212ev_interfaces/lib/libamt212ev_interfaces__rosidl_typesupport_fastrtps_c.so" to ""
[2.564s] -- Up-to-date: /home/kireiji/Documents/GitHub/CARVER/AMT212E-V/AMT212E-V/AMT212E-V_Micro-ROS/install/amt212ev_interfaces/include/amt212ev_interfaces/amt212ev_interfaces
[2.565s] -- Up-to-date: /home/kireiji/Documents/GitHub/CARVER/AMT212E-V/AMT212E-V/AMT212E-V_Micro-ROS/install/amt212ev_interfaces/include/amt212ev_interfaces/amt212ev_interfaces/msg
[2.565s] -- Up-to-date: /home/kireiji/Documents/GitHub/CARVER/AMT212E-V/AMT212E-V/AMT212E-V_Micro-ROS/install/amt212ev_interfaces/include/amt212ev_interfaces/amt212ev_interfaces/msg/detail
[2.565s] -- Installing: /home/kireiji/Documents/GitHub/CARVER/AMT212E-V/AMT212E-V/AMT212E-V_Micro-ROS/install/amt212ev_interfaces/include/amt212ev_interfaces/amt212ev_interfaces/msg/detail/amt_read__rosidl_typesupport_introspection_c.h
[2.565s] -- Installing: /home/kireiji/Documents/GitHub/CARVER/AMT212E-V/AMT212E-V/AMT212E-V_Micro-ROS/install/amt212ev_interfaces/include/amt212ev_interfaces/amt212ev_interfaces/msg/detail/amt_read__type_support.c
[2.565s] -- Installing: /home/kireiji/Documents/GitHub/CARVER/AMT212E-V/AMT212E-V/AMT212E-V_Micro-ROS/install/amt212ev_interfaces/include/amt212ev_interfaces/amt212ev_interfaces/msg/rosidl_typesupport_introspection_c__visibility_control.h
[2.565s] -- Installing: /home/kireiji/Documents/GitHub/CARVER/AMT212E-V/AMT212E-V/AMT212E-V_Micro-ROS/install/amt212ev_interfaces/lib/libamt212ev_interfaces__rosidl_typesupport_introspection_c.so
[2.565s] -- Set runtime path of "/home/kireiji/Documents/GitHub/CARVER/AMT212E-V/AMT212E-V/AMT212E-V_Micro-ROS/install/amt212ev_interfaces/lib/libamt212ev_interfaces__rosidl_typesupport_introspection_c.so" to ""
[2.565s] -- Installing: /home/kireiji/Documents/GitHub/CARVER/AMT212E-V/AMT212E-V/AMT212E-V_Micro-ROS/install/amt212ev_interfaces/lib/libamt212ev_interfaces__rosidl_typesupport_c.so
[2.565s] -- Set runtime path of "/home/kireiji/Documents/GitHub/CARVER/AMT212E-V/AMT212E-V/AMT212E-V_Micro-ROS/install/amt212ev_interfaces/lib/libamt212ev_interfaces__rosidl_typesupport_c.so" to ""
[2.565s] -- Up-to-date: /home/kireiji/Documents/GitHub/CARVER/AMT212E-V/AMT212E-V/AMT212E-V_Micro-ROS/install/amt212ev_interfaces/include/amt212ev_interfaces/amt212ev_interfaces
[2.565s] -- Up-to-date: /home/kireiji/Documents/GitHub/CARVER/AMT212E-V/AMT212E-V/AMT212E-V_Micro-ROS/install/amt212ev_interfaces/include/amt212ev_interfaces/amt212ev_interfaces/msg
[2.565s] -- Installing: /home/kireiji/Documents/GitHub/CARVER/AMT212E-V/AMT212E-V/AMT212E-V_Micro-ROS/install/amt212ev_interfaces/include/amt212ev_interfaces/amt212ev_interfaces/msg/amt_read.hpp
[2.565s] -- Up-to-date: /home/kireiji/Documents/GitHub/CARVER/AMT212E-V/AMT212E-V/AMT212E-V_Micro-ROS/install/amt212ev_interfaces/include/amt212ev_interfaces/amt212ev_interfaces/msg/detail
[2.565s] -- Installing: /home/kireiji/Documents/GitHub/CARVER/AMT212E-V/AMT212E-V/AMT212E-V_Micro-ROS/install/amt212ev_interfaces/include/amt212ev_interfaces/amt212ev_interfaces/msg/detail/amt_read__struct.hpp
[2.565s] -- Installing: /home/kireiji/Documents/GitHub/CARVER/AMT212E-V/AMT212E-V/AMT212E-V_Micro-ROS/install/amt212ev_interfaces/include/amt212ev_interfaces/amt212ev_interfaces/msg/detail/amt_read__builder.hpp
[2.565s] -- Installing: /home/kireiji/Documents/GitHub/CARVER/AMT212E-V/AMT212E-V/AMT212E-V_Micro-ROS/install/amt212ev_interfaces/include/amt212ev_interfaces/amt212ev_interfaces/msg/detail/amt_read__traits.hpp
[2.565s] -- Up-to-date: /home/kireiji/Documents/GitHub/CARVER/AMT212E-V/AMT212E-V/AMT212E-V_Micro-ROS/install/amt212ev_interfaces/include/amt212ev_interfaces/amt212ev_interfaces
[2.565s] -- Up-to-date: /home/kireiji/Documents/GitHub/CARVER/AMT212E-V/AMT212E-V/AMT212E-V_Micro-ROS/install/amt212ev_interfaces/include/amt212ev_interfaces/amt212ev_interfaces/msg
[2.565s] -- Installing: /home/kireiji/Documents/GitHub/CARVER/AMT212E-V/AMT212E-V/AMT212E-V_Micro-ROS/install/amt212ev_interfaces/include/amt212ev_interfaces/amt212ev_interfaces/msg/rosidl_typesupport_fastrtps_cpp__visibility_control.h
[2.565s] -- Up-to-date: /home/kireiji/Documents/GitHub/CARVER/AMT212E-V/AMT212E-V/AMT212E-V_Micro-ROS/install/amt212ev_interfaces/include/amt212ev_interfaces/amt212ev_interfaces/msg/detail
[2.566s] -- Installing: /home/kireiji/Documents/GitHub/CARVER/AMT212E-V/AMT212E-V/AMT212E-V_Micro-ROS/install/amt212ev_interfaces/include/amt212ev_interfaces/amt212ev_interfaces/msg/detail/dds_fastrtps
[2.566s] -- Installing: /home/kireiji/Documents/GitHub/CARVER/AMT212E-V/AMT212E-V/AMT212E-V_Micro-ROS/install/amt212ev_interfaces/include/amt212ev_interfaces/amt212ev_interfaces/msg/detail/amt_read__rosidl_typesupport_fastrtps_cpp.hpp
[2.566s] -- Installing: /home/kireiji/Documents/GitHub/CARVER/AMT212E-V/AMT212E-V/AMT212E-V_Micro-ROS/install/amt212ev_interfaces/lib/libamt212ev_interfaces__rosidl_typesupport_fastrtps_cpp.so
[2.566s] -- Set runtime path of "/home/kireiji/Documents/GitHub/CARVER/AMT212E-V/AMT212E-V/AMT212E-V_Micro-ROS/install/amt212ev_interfaces/lib/libamt212ev_interfaces__rosidl_typesupport_fastrtps_cpp.so" to ""
[2.566s] -- Up-to-date: /home/kireiji/Documents/GitHub/CARVER/AMT212E-V/AMT212E-V/AMT212E-V_Micro-ROS/install/amt212ev_interfaces/include/amt212ev_interfaces/amt212ev_interfaces
[2.566s] -- Up-to-date: /home/kireiji/Documents/GitHub/CARVER/AMT212E-V/AMT212E-V/AMT212E-V_Micro-ROS/install/amt212ev_interfaces/include/amt212ev_interfaces/amt212ev_interfaces/msg
[2.566s] -- Up-to-date: /home/kireiji/Documents/GitHub/CARVER/AMT212E-V/AMT212E-V/AMT212E-V_Micro-ROS/install/amt212ev_interfaces/include/amt212ev_interfaces/amt212ev_interfaces/msg/detail
[2.566s] -- Installing: /home/kireiji/Documents/GitHub/CARVER/AMT212E-V/AMT212E-V/AMT212E-V_Micro-ROS/install/amt212ev_interfaces/include/amt212ev_interfaces/amt212ev_interfaces/msg/detail/amt_read__type_support.cpp
[2.566s] -- Installing: /home/kireiji/Documents/GitHub/CARVER/AMT212E-V/AMT212E-V/AMT212E-V_Micro-ROS/install/amt212ev_interfaces/include/amt212ev_interfaces/amt212ev_interfaces/msg/detail/amt_read__rosidl_typesupport_introspection_cpp.hpp
[2.566s] -- Installing: /home/kireiji/Documents/GitHub/CARVER/AMT212E-V/AMT212E-V/AMT212E-V_Micro-ROS/install/amt212ev_interfaces/lib/libamt212ev_interfaces__rosidl_typesupport_introspection_cpp.so
[2.566s] -- Set runtime path of "/home/kireiji/Documents/GitHub/CARVER/AMT212E-V/AMT212E-V/AMT212E-V_Micro-ROS/install/amt212ev_interfaces/lib/libamt212ev_interfaces__rosidl_typesupport_introspection_cpp.so" to ""
[2.566s] -- Installing: /home/kireiji/Documents/GitHub/CARVER/AMT212E-V/AMT212E-V/AMT212E-V_Micro-ROS/install/amt212ev_interfaces/lib/libamt212ev_interfaces__rosidl_typesupport_cpp.so
[2.566s] -- Set runtime path of "/home/kireiji/Documents/GitHub/CARVER/AMT212E-V/AMT212E-V/AMT212E-V_Micro-ROS/install/amt212ev_interfaces/lib/libamt212ev_interfaces__rosidl_typesupport_cpp.so" to ""
[2.566s] -- Installing: /home/kireiji/Documents/GitHub/CARVER/AMT212E-V/AMT212E-V/AMT212E-V_Micro-ROS/install/amt212ev_interfaces/share/amt212ev_interfaces/environment/pythonpath.sh
[2.566s] -- Installing: /home/kireiji/Documents/GitHub/CARVER/AMT212E-V/AMT212E-V/AMT212E-V_Micro-ROS/install/amt212ev_interfaces/share/amt212ev_interfaces/environment/pythonpath.dsv
[2.566s] -- Installing: /home/kireiji/Documents/GitHub/CARVER/AMT212E-V/AMT212E-V/AMT212E-V_Micro-ROS/install/amt212ev_interfaces/lib/python3.10/site-packages/amt212ev_interfaces-0.0.0-py3.10.egg-info
[2.566s] -- Installing: /home/kireiji/Documents/GitHub/CARVER/AMT212E-V/AMT212E-V/AMT212E-V_Micro-ROS/install/amt212ev_interfaces/lib/python3.10/site-packages/amt212ev_interfaces-0.0.0-py3.10.egg-info/PKG-INFO
[2.566s] -- Installing: /home/kireiji/Documents/GitHub/CARVER/AMT212E-V/AMT212E-V/AMT212E-V_Micro-ROS/install/amt212ev_interfaces/lib/python3.10/site-packages/amt212ev_interfaces-0.0.0-py3.10.egg-info/dependency_links.txt
[2.566s] -- Installing: /home/kireiji/Documents/GitHub/CARVER/AMT212E-V/AMT212E-V/AMT212E-V_Micro-ROS/install/amt212ev_interfaces/lib/python3.10/site-packages/amt212ev_interfaces-0.0.0-py3.10.egg-info/top_level.txt
[2.567s] -- Installing: /home/kireiji/Documents/GitHub/CARVER/AMT212E-V/AMT212E-V/AMT212E-V_Micro-ROS/install/amt212ev_interfaces/lib/python3.10/site-packages/amt212ev_interfaces-0.0.0-py3.10.egg-info/SOURCES.txt
[2.567s] -- Installing: /home/kireiji/Documents/GitHub/CARVER/AMT212E-V/AMT212E-V/AMT212E-V_Micro-ROS/install/amt212ev_interfaces/lib/python3.10/site-packages/amt212ev_interfaces
[2.567s] -- Installing: /home/kireiji/Documents/GitHub/CARVER/AMT212E-V/AMT212E-V/AMT212E-V_Micro-ROS/install/amt212ev_interfaces/lib/python3.10/site-packages/amt212ev_interfaces/_amt212ev_interfaces_s.ep.rosidl_typesupport_fastrtps_c.c
[2.567s] -- Installing: /home/kireiji/Documents/GitHub/CARVER/AMT212E-V/AMT212E-V/AMT212E-V_Micro-ROS/install/amt212ev_interfaces/lib/python3.10/site-packages/amt212ev_interfaces/_amt212ev_interfaces_s.ep.rosidl_typesupport_c.c
[2.567s] -- Installing: /home/kireiji/Documents/GitHub/CARVER/AMT212E-V/AMT212E-V/AMT212E-V_Micro-ROS/install/amt212ev_interfaces/lib/python3.10/site-packages/amt212ev_interfaces/__init__.py
[2.567s] -- Installing: /home/kireiji/Documents/GitHub/CARVER/AMT212E-V/AMT212E-V/AMT212E-V_Micro-ROS/install/amt212ev_interfaces/lib/python3.10/site-packages/amt212ev_interfaces/amt212ev_interfaces_s__rosidl_typesupport_c.cpython-310-x86_64-linux-gnu.so
[2.567s] -- Installing: /home/kireiji/Documents/GitHub/CARVER/AMT212E-V/AMT212E-V/AMT212E-V_Micro-ROS/install/amt212ev_interfaces/lib/python3.10/site-packages/amt212ev_interfaces/msg
[2.567s] -- Installing: /home/kireiji/Documents/GitHub/CARVER/AMT212E-V/AMT212E-V/AMT212E-V_Micro-ROS/install/amt212ev_interfaces/lib/python3.10/site-packages/amt212ev_interfaces/msg/_amt_read_s.c
[2.567s] -- Installing: /home/kireiji/Documents/GitHub/CARVER/AMT212E-V/AMT212E-V/AMT212E-V_Micro-ROS/install/amt212ev_interfaces/lib/python3.10/site-packages/amt212ev_interfaces/msg/__init__.py
[2.567s] -- Installing: /home/kireiji/Documents/GitHub/CARVER/AMT212E-V/AMT212E-V/AMT212E-V_Micro-ROS/install/amt212ev_interfaces/lib/python3.10/site-packages/amt212ev_interfaces/msg/_amt_read.py
[2.567s] -- Installing: /home/kireiji/Documents/GitHub/CARVER/AMT212E-V/AMT212E-V/AMT212E-V_Micro-ROS/install/amt212ev_interfaces/lib/python3.10/site-packages/amt212ev_interfaces/libamt212ev_interfaces__rosidl_generator_py.so
[2.575s] -- Installing: /home/kireiji/Documents/GitHub/CARVER/AMT212E-V/AMT212E-V/AMT212E-V_Micro-ROS/install/amt212ev_interfaces/lib/python3.10/site-packages/amt212ev_interfaces/_amt212ev_interfaces_s.ep.rosidl_typesupport_introspection_c.c
[2.575s] -- Installing: /home/kireiji/Documents/GitHub/CARVER/AMT212E-V/AMT212E-V/AMT212E-V_Micro-ROS/install/amt212ev_interfaces/lib/python3.10/site-packages/amt212ev_interfaces/amt212ev_interfaces_s__rosidl_typesupport_fastrtps_c.cpython-310-x86_64-linux-gnu.so
[2.575s] -- Installing: /home/kireiji/Documents/GitHub/CARVER/AMT212E-V/AMT212E-V/AMT212E-V_Micro-ROS/install/amt212ev_interfaces/lib/python3.10/site-packages/amt212ev_interfaces/amt212ev_interfaces_s__rosidl_typesupport_introspection_c.cpython-310-x86_64-linux-gnu.so
[2.605s] Listing '/home/kireiji/Documents/GitHub/CARVER/AMT212E-V/AMT212E-V/AMT212E-V_Micro-ROS/install/amt212ev_interfaces/lib/python3.10/site-packages/amt212ev_interfaces'...
[2.605s] Compiling '/home/kireiji/Documents/GitHub/CARVER/AMT212E-V/AMT212E-V/AMT212E-V_Micro-ROS/install/amt212ev_interfaces/lib/python3.10/site-packages/amt212ev_interfaces/__init__.py'...
[2.605s] Listing '/home/kireiji/Documents/GitHub/CARVER/AMT212E-V/AMT212E-V/AMT212E-V_Micro-ROS/install/amt212ev_interfaces/lib/python3.10/site-packages/amt212ev_interfaces/msg'...
[2.605s] Compiling '/home/kireiji/Documents/GitHub/CARVER/AMT212E-V/AMT212E-V/AMT212E-V_Micro-ROS/install/amt212ev_interfaces/lib/python3.10/site-packages/amt212ev_interfaces/msg/__init__.py'...
[2.605s] Compiling '/home/kireiji/Documents/GitHub/CARVER/AMT212E-V/AMT212E-V/AMT212E-V_Micro-ROS/install/amt212ev_interfaces/lib/python3.10/site-packages/amt212ev_interfaces/msg/_amt_read.py'...
[2.608s] -- Installing: /home/kireiji/Documents/GitHub/CARVER/AMT212E-V/AMT212E-V/AMT212E-V_Micro-ROS/install/amt212ev_interfaces/lib/python3.10/site-packages/amt212ev_interfaces/amt212ev_interfaces_s__rosidl_typesupport_fastrtps_c.cpython-310-x86_64-linux-gnu.so
[2.608s] -- Set runtime path of "/home/kireiji/Documents/GitHub/CARVER/AMT212E-V/AMT212E-V/AMT212E-V_Micro-ROS/install/amt212ev_interfaces/lib/python3.10/site-packages/amt212ev_interfaces/amt212ev_interfaces_s__rosidl_typesupport_fastrtps_c.cpython-310-x86_64-linux-gnu.so" to ""
[2.608s] -- Installing: /home/kireiji/Documents/GitHub/CARVER/AMT212E-V/AMT212E-V/AMT212E-V_Micro-ROS/install/amt212ev_interfaces/lib/python3.10/site-packages/amt212ev_interfaces/amt212ev_interfaces_s__rosidl_typesupport_introspection_c.cpython-310-x86_64-linux-gnu.so
[2.608s] -- Set runtime path of "/home/kireiji/Documents/GitHub/CARVER/AMT212E-V/AMT212E-V/AMT212E-V_Micro-ROS/install/amt212ev_interfaces/lib/python3.10/site-packages/amt212ev_interfaces/amt212ev_interfaces_s__rosidl_typesupport_introspection_c.cpython-310-x86_64-linux-gnu.so" to ""
[2.609s] -- Installing: /home/kireiji/Documents/GitHub/CARVER/AMT212E-V/AMT212E-V/AMT212E-V_Micro-ROS/install/amt212ev_interfaces/lib/python3.10/site-packages/amt212ev_interfaces/amt212ev_interfaces_s__rosidl_typesupport_c.cpython-310-x86_64-linux-gnu.so
[2.609s] -- Set runtime path of "/home/kireiji/Documents/GitHub/CARVER/AMT212E-V/AMT212E-V/AMT212E-V_Micro-ROS/install/amt212ev_interfaces/lib/python3.10/site-packages/amt212ev_interfaces/amt212ev_interfaces_s__rosidl_typesupport_c.cpython-310-x86_64-linux-gnu.so" to ""
[2.609s] -- Installing: /home/kireiji/Documents/GitHub/CARVER/AMT212E-V/AMT212E-V/AMT212E-V_Micro-ROS/install/amt212ev_interfaces/lib/libamt212ev_interfaces__rosidl_generator_py.so
[2.617s] -- Set runtime path of "/home/kireiji/Documents/GitHub/CARVER/AMT212E-V/AMT212E-V/AMT212E-V_Micro-ROS/install/amt212ev_interfaces/lib/libamt212ev_interfaces__rosidl_generator_py.so" to ""
[2.617s] -- Installing: /home/kireiji/Documents/GitHub/CARVER/AMT212E-V/AMT212E-V/AMT212E-V_Micro-ROS/install/amt212ev_interfaces/share/amt212ev_interfaces/msg/AmtRead.idl
[2.617s] -- Installing: /home/kireiji/Documents/GitHub/CARVER/AMT212E-V/AMT212E-V/AMT212E-V_Micro-ROS/install/amt212ev_interfaces/share/amt212ev_interfaces/msg/AmtRead.msg
[2.617s] -- Installing: /home/kireiji/Documents/GitHub/CARVER/AMT212E-V/AMT212E-V/AMT212E-V_Micro-ROS/install/amt212ev_interfaces/share/ament_index/resource_index/package_run_dependencies/amt212ev_interfaces
[2.617s] -- Installing: /home/kireiji/Documents/GitHub/CARVER/AMT212E-V/AMT212E-V/AMT212E-V_Micro-ROS/install/amt212ev_interfaces/share/ament_index/resource_index/parent_prefix_path/amt212ev_interfaces
[2.617s] -- Up-to-date: /home/kireiji/Documents/GitHub/CARVER/AMT212E-V/AMT212E-V/AMT212E-V_Micro-ROS/install/amt212ev_interfaces/share/amt212ev_interfaces/environment/ament_prefix_path.sh
[2.617s] -- Installing: /home/kireiji/Documents/GitHub/CARVER/AMT212E-V/AMT212E-V/AMT212E-V_Micro-ROS/install/amt212ev_interfaces/share/amt212ev_interfaces/environment/ament_prefix_path.dsv
[2.617s] -- Up-to-date: /home/kireiji/Documents/GitHub/CARVER/AMT212E-V/AMT212E-V/AMT212E-V_Micro-ROS/install/amt212ev_interfaces/share/amt212ev_interfaces/environment/path.sh
[2.617s] -- Installing: /home/kireiji/Documents/GitHub/CARVER/AMT212E-V/AMT212E-V/AMT212E-V_Micro-ROS/install/amt212ev_interfaces/share/amt212ev_interfaces/environment/path.dsv
[2.617s] -- Up-to-date: /home/kireiji/Documents/GitHub/CARVER/AMT212E-V/AMT212E-V/AMT212E-V_Micro-ROS/install/amt212ev_interfaces/share/amt212ev_interfaces/local_setup.bash
[2.617s] -- Installing: /home/kireiji/Documents/GitHub/CARVER/AMT212E-V/AMT212E-V/AMT212E-V_Micro-ROS/install/amt212ev_interfaces/share/amt212ev_interfaces/local_setup.sh
[2.617s] -- Up-to-date: /home/kireiji/Documents/GitHub/CARVER/AMT212E-V/AMT212E-V/AMT212E-V_Micro-ROS/install/amt212ev_interfaces/share/amt212ev_interfaces/local_setup.zsh
[2.617s] -- Installing: /home/kireiji/Documents/GitHub/CARVER/AMT212E-V/AMT212E-V/AMT212E-V_Micro-ROS/install/amt212ev_interfaces/share/amt212ev_interfaces/local_setup.dsv
[2.617s] -- Installing: /home/kireiji/Documents/GitHub/CARVER/AMT212E-V/AMT212E-V/AMT212E-V_Micro-ROS/install/amt212ev_interfaces/share/amt212ev_interfaces/package.dsv
[2.617s] -- Up-to-date: /home/kireiji/Documents/GitHub/CARVER/AMT212E-V/AMT212E-V/AMT212E-V_Micro-ROS/install/amt212ev_interfaces/share/ament_index/resource_index/packages/amt212ev_interfaces
[2.618s] -- Installing: /home/kireiji/Documents/GitHub/CARVER/AMT212E-V/AMT212E-V/AMT212E-V_Micro-ROS/install/amt212ev_interfaces/share/amt212ev_interfaces/cmake/export_amt212ev_interfaces__rosidl_generator_cExport.cmake
[2.618s] -- Installing: /home/kireiji/Documents/GitHub/CARVER/AMT212E-V/AMT212E-V/AMT212E-V_Micro-ROS/install/amt212ev_interfaces/share/amt212ev_interfaces/cmake/export_amt212ev_interfaces__rosidl_generator_cExport-noconfig.cmake
[2.618s] -- Installing: /home/kireiji/Documents/GitHub/CARVER/AMT212E-V/AMT212E-V/AMT212E-V_Micro-ROS/install/amt212ev_interfaces/share/amt212ev_interfaces/cmake/export_amt212ev_interfaces__rosidl_typesupport_fastrtps_cExport.cmake
[2.618s] -- Installing: /home/kireiji/Documents/GitHub/CARVER/AMT212E-V/AMT212E-V/AMT212E-V_Micro-ROS/install/amt212ev_interfaces/share/amt212ev_interfaces/cmake/export_amt212ev_interfaces__rosidl_typesupport_fastrtps_cExport-noconfig.cmake
[2.618s] -- Installing: /home/kireiji/Documents/GitHub/CARVER/AMT212E-V/AMT212E-V/AMT212E-V_Micro-ROS/install/amt212ev_interfaces/share/amt212ev_interfaces/cmake/amt212ev_interfaces__rosidl_typesupport_introspection_cExport.cmake
[2.618s] -- Installing: /home/kireiji/Documents/GitHub/CARVER/AMT212E-V/AMT212E-V/AMT212E-V_Micro-ROS/install/amt212ev_interfaces/share/amt212ev_interfaces/cmake/amt212ev_interfaces__rosidl_typesupport_introspection_cExport-noconfig.cmake
[2.618s] -- Installing: /home/kireiji/Documents/GitHub/CARVER/AMT212E-V/AMT212E-V/AMT212E-V_Micro-ROS/install/amt212ev_interfaces/share/amt212ev_interfaces/cmake/amt212ev_interfaces__rosidl_typesupport_cExport.cmake
[2.618s] -- Installing: /home/kireiji/Documents/GitHub/CARVER/AMT212E-V/AMT212E-V/AMT212E-V_Micro-ROS/install/amt212ev_interfaces/share/amt212ev_interfaces/cmake/amt212ev_interfaces__rosidl_typesupport_cExport-noconfig.cmake
[2.618s] -- Installing: /home/kireiji/Documents/GitHub/CARVER/AMT212E-V/AMT212E-V/AMT212E-V_Micro-ROS/install/amt212ev_interfaces/share/amt212ev_interfaces/cmake/export_amt212ev_interfaces__rosidl_generator_cppExport.cmake
[2.618s] -- Installing: /home/kireiji/Documents/GitHub/CARVER/AMT212E-V/AMT212E-V/AMT212E-V_Micro-ROS/install/amt212ev_interfaces/share/amt212ev_interfaces/cmake/export_amt212ev_interfaces__rosidl_typesupport_fastrtps_cppExport.cmake
[2.618s] -- Installing: /home/kireiji/Documents/GitHub/CARVER/AMT212E-V/AMT212E-V/AMT212E-V_Micro-ROS/install/amt212ev_interfaces/share/amt212ev_interfaces/cmake/export_amt212ev_interfaces__rosidl_typesupport_fastrtps_cppExport-noconfig.cmake
[2.618s] -- Installing: /home/kireiji/Documents/GitHub/CARVER/AMT212E-V/AMT212E-V/AMT212E-V_Micro-ROS/install/amt212ev_interfaces/share/amt212ev_interfaces/cmake/amt212ev_interfaces__rosidl_typesupport_introspection_cppExport.cmake
[2.618s] -- Installing: /home/kireiji/Documents/GitHub/CARVER/AMT212E-V/AMT212E-V/AMT212E-V_Micro-ROS/install/amt212ev_interfaces/share/amt212ev_interfaces/cmake/amt212ev_interfaces__rosidl_typesupport_introspection_cppExport-noconfig.cmake
[2.619s] -- Installing: /home/kireiji/Documents/GitHub/CARVER/AMT212E-V/AMT212E-V/AMT212E-V_Micro-ROS/install/amt212ev_interfaces/share/amt212ev_interfaces/cmake/amt212ev_interfaces__rosidl_typesupport_cppExport.cmake
[2.619s] -- Installing: /home/kireiji/Documents/GitHub/CARVER/AMT212E-V/AMT212E-V/AMT212E-V_Micro-ROS/install/amt212ev_interfaces/share/amt212ev_interfaces/cmake/amt212ev_interfaces__rosidl_typesupport_cppExport-noconfig.cmake
[2.619s] -- Installing: /home/kireiji/Documents/GitHub/CARVER/AMT212E-V/AMT212E-V/AMT212E-V_Micro-ROS/install/amt212ev_interfaces/share/amt212ev_interfaces/cmake/export_amt212ev_interfaces__rosidl_generator_pyExport.cmake
[2.619s] -- Installing: /home/kireiji/Documents/GitHub/CARVER/AMT212E-V/AMT212E-V/AMT212E-V_Micro-ROS/install/amt212ev_interfaces/share/amt212ev_interfaces/cmake/export_amt212ev_interfaces__rosidl_generator_pyExport-noconfig.cmake
[2.619s] -- Installing: /home/kireiji/Documents/GitHub/CARVER/AMT212E-V/AMT212E-V/AMT212E-V_Micro-ROS/install/amt212ev_interfaces/share/amt212ev_interfaces/cmake/rosidl_cmake-extras.cmake
[2.619s] -- Installing: /home/kireiji/Documents/GitHub/CARVER/AMT212E-V/AMT212E-V/AMT212E-V_Micro-ROS/install/amt212ev_interfaces/share/amt212ev_interfaces/cmake/ament_cmake_export_include_directories-extras.cmake
[2.619s] -- Installing: /home/kireiji/Documents/GitHub/CARVER/AMT212E-V/AMT212E-V/AMT212E-V_Micro-ROS/install/amt212ev_interfaces/share/amt212ev_interfaces/cmake/ament_cmake_export_libraries-extras.cmake
[2.619s] -- Installing: /home/kireiji/Documents/GitHub/CARVER/AMT212E-V/AMT212E-V/AMT212E-V_Micro-ROS/install/amt212ev_interfaces/share/amt212ev_interfaces/cmake/ament_cmake_export_targets-extras.cmake
[2.619s] -- Installing: /home/kireiji/Documents/GitHub/CARVER/AMT212E-V/AMT212E-V/AMT212E-V_Micro-ROS/install/amt212ev_interfaces/share/amt212ev_interfaces/cmake/rosidl_cmake_export_typesupport_targets-extras.cmake
[2.619s] -- Installing: /home/kireiji/Documents/GitHub/CARVER/AMT212E-V/AMT212E-V/AMT212E-V_Micro-ROS/install/amt212ev_interfaces/share/amt212ev_interfaces/cmake/ament_cmake_export_dependencies-extras.cmake
[2.619s] -- Installing: /home/kireiji/Documents/GitHub/CARVER/AMT212E-V/AMT212E-V/AMT212E-V_Micro-ROS/install/amt212ev_interfaces/share/amt212ev_interfaces/cmake/rosidl_cmake_export_typesupport_libraries-extras.cmake
[2.619s] -- Installing: /home/kireiji/Documents/GitHub/CARVER/AMT212E-V/AMT212E-V/AMT212E-V_Micro-ROS/install/amt212ev_interfaces/share/amt212ev_interfaces/cmake/amt212ev_interfacesConfig.cmake
[2.619s] -- Up-to-date: /home/kireiji/Documents/GitHub/CARVER/AMT212E-V/AMT212E-V/AMT212E-V_Micro-ROS/install/amt212ev_interfaces/share/amt212ev_interfaces/cmake/amt212ev_interfacesConfig-version.cmake
[2.619s] -- Installing: /home/kireiji/Documents/GitHub/CARVER/AMT212E-V/AMT212E-V/AMT212E-V_Micro-ROS/install/amt212ev_interfaces/share/amt212ev_interfaces/package.xml
[2.622s] Invoked command in '/home/kireiji/Documents/GitHub/CARVER/AMT212E-V/AMT212E-V/AMT212E-V_Micro-ROS/build/amt212ev_interfaces' returned '0': CMAKE_PREFIX_PATH=${CMAKE_PREFIX_PATH}:/home/kireiji/ros2_ws/install/my_py_pkg:/opt/ros/humble /usr/bin/cmake --install /home/kireiji/Documents/GitHub/CARVER/AMT212E-V/AMT212E-V/AMT212E-V_Micro-ROS/build/amt212ev_interfaces
