2024-11-15 01:32:36,186 [INFO] Activator:176 - 


2024-11-15 01:32:36,191 [INFO] Activator:177 - !SESSION log4j initialized
2024-11-15 01:32:39,714 [INFO] LogOutputStream:77 - [STDOUT_REDIRECT] 
2024-11-15 01:32:40,069 [ERROR] ConfigurationRetriever:142 - IOException on connection: sw-center.st.com
2024-11-15 01:32:40,071 [ERROR] ConfigurationRetriever:142 - IOException on connection: sw-center.st.com
2024-11-15 01:32:40,071 [ERROR] ConfigurationRetriever:142 - IOException on connection: sw-center.st.com
2024-11-15 01:32:40,666 [INFO] ApplicationProperties:184 - Using Application install path: /opt/st/stm32cubeide_1.16.1/plugins/com.st.stm32cube.common.mx_6.12.1.202409122256
2024-11-15 01:32:40,694 [INFO] DbMcusXml:78 - Set database path to: /opt/st/stm32cubeide_1.16.1/plugins/com.st.stm32cube.common.mx_6.12.1.202409122256//db//mcu/
2024-11-15 01:32:40,694 [INFO] ApiDb:274 - Set plugin database path to: /opt/st/stm32cubeide_1.16.1/plugins/com.st.stm32cube.common.mx_6.12.1.202409122256//db//plugins/boardmanager/
2024-11-15 01:32:40,695 [WARN] ApiDb:259 - Overriding images path with different value:  => /opt/st/stm32cubeide_1.16.1/plugins/com.st.stm32cube.common.mx_6.12.1.202409122256//db//plugins/mcufinder/images/
2024-11-15 01:32:40,704 [INFO] ApiDb:250 - Set database path to: /home/kireiji/.stmcufinder/plugins/mcufinder//mcu/
2024-11-15 01:32:40,706 [INFO] DbMcusAds:125 - Set database path to: /home/kireiji/.stmcufinder/plugins/mcufinder//mcu/
2024-11-15 01:32:40,709 [INFO] CrossReferenceDbSqlite:203 - Set database path to: /home/kireiji/.stmcufinder/plugins/mcufinder//mcu/cs/
2024-11-15 01:32:40,894 [INFO] RulesReader:64 - Compatibility file has been processed (297 Rules)
2024-11-15 01:32:40,983 [INFO] DbMcusXml:78 - Set database path to: /opt/st/stm32cubeide_1.16.1/plugins/com.st.stm32cube.common.mx_6.12.1.202409122256//db//mcu/
2024-11-15 01:32:40,984 [INFO] ApiDb:274 - Set plugin database path to: /opt/st/stm32cubeide_1.16.1/plugins/com.st.stm32cube.common.mx_6.12.1.202409122256//db//plugins/boardmanager/
2024-11-15 01:32:40,984 [INFO] ApiDb:261 - Set plugin images path to: /opt/st/stm32cubeide_1.16.1/plugins/com.st.stm32cube.common.mx_6.12.1.202409122256//db//plugins/mcufinder/images/
2024-11-15 01:32:40,984 [WARN] DbFile:41 - Overriding database path with different value: /home/kireiji/.stmcufinder/plugins/mcufinder/ => /home/kireiji/.stmcufinder/plugins/mcufinder
2024-11-15 01:32:40,984 [INFO] ApiDb:250 - Set database path to: /home/kireiji/.stmcufinder/plugins/mcufinder//mcu/
2024-11-15 01:32:40,984 [WARN] DbFile:41 - Overriding database path with different value: /home/kireiji/.stmcufinder/plugins/mcufinder/ => /home/kireiji/.stmcufinder/plugins/mcufinder
2024-11-15 01:32:40,984 [INFO] DbMcusAds:125 - Set database path to: /home/kireiji/.stmcufinder/plugins/mcufinder//mcu/
2024-11-15 01:32:40,985 [WARN] DbFile:41 - Overriding database path with different value: /home/kireiji/.stmcufinder/plugins/mcufinder/ => /home/kireiji/.stmcufinder/plugins/mcufinder
2024-11-15 01:32:40,985 [WARN] DbFile:41 - Overriding database path with different value: /home/kireiji/.stmcufinder/plugins/mcufinder/ => /home/kireiji/.stmcufinder/plugins/mcufinder
2024-11-15 01:32:40,985 [INFO] CrossReferenceDbSqlite:203 - Set database path to: /home/kireiji/.stmcufinder/plugins/mcufinder//mcu/cs/
2024-11-15 01:32:41,096 [INFO] MainPanel:268 - HeapMemory: 268435456
2024-11-15 01:32:41,229 [INFO] DbMcusXml:78 - Set database path to: /opt/st/stm32cubeide_1.16.1/plugins/com.st.stm32cube.common.mx_6.12.1.202409122256//db//mcu/
2024-11-15 01:32:41,230 [INFO] ApiDb:274 - Set plugin database path to: /opt/st/stm32cubeide_1.16.1/plugins/com.st.stm32cube.common.mx_6.12.1.202409122256//db//plugins/boardmanager/
2024-11-15 01:32:41,230 [INFO] ApiDb:261 - Set plugin images path to: /opt/st/stm32cubeide_1.16.1/plugins/com.st.stm32cube.common.mx_6.12.1.202409122256//db//plugins/mcufinder/images/
2024-11-15 01:32:41,230 [WARN] DbFile:41 - Overriding database path with different value: /home/kireiji/.stmcufinder/plugins/mcufinder/ => /home/kireiji/.stmcufinder/plugins/mcufinder
2024-11-15 01:32:41,230 [INFO] ApiDb:250 - Set database path to: /home/kireiji/.stmcufinder/plugins/mcufinder//mcu/
2024-11-15 01:32:41,230 [WARN] DbFile:41 - Overriding database path with different value: /home/kireiji/.stmcufinder/plugins/mcufinder/ => /home/kireiji/.stmcufinder/plugins/mcufinder
2024-11-15 01:32:41,230 [INFO] DbMcusAds:125 - Set database path to: /home/kireiji/.stmcufinder/plugins/mcufinder//mcu/
2024-11-15 01:32:41,231 [WARN] DbFile:41 - Overriding database path with different value: /home/kireiji/.stmcufinder/plugins/mcufinder/ => /home/kireiji/.stmcufinder/plugins/mcufinder
2024-11-15 01:32:41,231 [WARN] DbFile:41 - Overriding database path with different value: /home/kireiji/.stmcufinder/plugins/mcufinder/ => /home/kireiji/.stmcufinder/plugins/mcufinder
2024-11-15 01:32:41,231 [INFO] CrossReferenceDbSqlite:203 - Set database path to: /home/kireiji/.stmcufinder/plugins/mcufinder//mcu/cs/
2024-11-15 01:32:41,246 [INFO] ApplicationProperties:184 - Using Application install path: /opt/st/stm32cubeide_1.16.1/plugins/com.st.stm32cube.common.mx_6.12.1.202409122256
2024-11-15 01:32:41,248 [INFO] PluginManage:196 - Search for loadable plugins [exclusion list=, ]
2024-11-15 01:32:41,249 [INFO] PluginManage:310 - Check plugin analytics
2024-11-15 01:32:41,371 [INFO] AnalyticsPlugin:253 - Accepted Software Licenses: 
2024-11-15 01:32:41,371 [INFO] AnalyticsPlugin:255 - Accepted CMSIS Pack Licenses: 
2024-11-15 01:32:41,371 [INFO] AnalyticsPlugin:257 - Accepted Firmware Licenses: FW.G4.1.6.0
2024-11-15 01:32:41,374 [INFO] PluginManage:359 - Loaded plugin analytics (category:tool,tabindex:-1)
2024-11-15 01:32:41,374 [INFO] PluginManage:310 - Check plugin cadmodel
2024-11-15 01:32:41,374 [ERROR] ConfigurationRetriever:142 - IOException on connection: sw-center.st.com
2024-11-15 01:32:41,375 [ERROR] ConfigurationRetriever:142 - IOException on connection: sw-center.st.com
2024-11-15 01:32:41,375 [ERROR] ConfigurationRetriever:142 - IOException on connection: sw-center.st.com
2024-11-15 01:32:41,378 [INFO] CADModel:105 - Init CAD model plugin
2024-11-15 01:32:41,378 [INFO] PluginManage:359 - Loaded plugin cadmodel (category:power,tabindex:5)
2024-11-15 01:32:41,378 [INFO] PluginManage:310 - Check plugin clock
2024-11-15 01:32:41,386 [INFO] PluginManage:359 - Loaded plugin clock (category:base,tabindex:2)
2024-11-15 01:32:41,387 [INFO] PluginManage:310 - Check plugin ddr
2024-11-15 01:32:41,389 [INFO] PluginManage:359 - Loaded plugin ddr (category:tool,tabindex:6)
2024-11-15 01:32:41,389 [INFO] PluginManage:310 - Check plugin filemanager
2024-11-15 01:32:41,504 [INFO] PluginManage:359 - Loaded plugin filemanager (category:base,tabindex:10)
2024-11-15 01:32:41,505 [INFO] PluginManage:310 - Check plugin ipmanager
2024-11-15 01:32:41,509 [INFO] PluginManage:359 - Loaded plugin ipmanager (category:base,tabindex:5)
2024-11-15 01:32:41,509 [INFO] PluginManage:310 - Check plugin lpbam
2024-11-15 01:32:41,517 [INFO] PluginManage:359 - Loaded plugin lpbam (category:base,tabindex:0)
2024-11-15 01:32:41,517 [INFO] PluginManage:310 - Check plugin memorymap
2024-11-15 01:32:41,527 [INFO] PluginManage:359 - Loaded plugin memorymap (category:base,tabindex:4)
2024-11-15 01:32:41,527 [INFO] PluginManage:310 - Check plugin pinoutandconfiguration
2024-11-15 01:32:41,533 [INFO] PluginManage:359 - Loaded plugin pinoutandconfiguration (category:base,tabindex:1)
2024-11-15 01:32:41,533 [INFO] PluginManage:310 - Check plugin pinoutconfig
2024-11-15 01:32:41,596 [WARN] SupportedApi:132 - Cannot load RTOS API schema: s4s-elt-must-match.1: The content of 'definitions' must match (annotation?, (simpleType | complexType)?, (unique | key | keyref)*)). A problem was found starting at: attribute.
2024-11-15 01:32:41,705 [INFO] PluginManage:359 - Loaded plugin pinoutconfig (category:base,tabindex:0)
2024-11-15 01:32:41,705 [INFO] PluginManage:310 - Check plugin power
2024-11-15 01:32:41,714 [INFO] PluginManage:359 - Loaded plugin power (category:power,tabindex:4)
2024-11-15 01:32:41,714 [INFO] PluginManage:310 - Check plugin projectmanager
2024-11-15 01:32:41,731 [INFO] PluginManage:359 - Loaded plugin projectmanager (category:projectmanager,tabindex:4)
2024-11-15 01:32:41,731 [INFO] PluginManage:310 - Check plugin rif
2024-11-15 01:32:41,737 [INFO] PluginManage:359 - Loaded plugin rif (category:base,tabindex:3)
2024-11-15 01:32:41,737 [INFO] PluginManage:310 - Check plugin thirdparty
2024-11-15 01:32:41,837 [INFO] PluginManage:359 - Loaded plugin thirdparty (category:base,tabindex:-1)
2024-11-15 01:32:41,837 [WARN] IntegrityCheckThread:84 - waiting for thirdparty lock release [integrity check]
2024-11-15 01:32:41,838 [INFO] PluginManage:310 - Check plugin tools
2024-11-15 01:32:41,838 [INFO] IntegrityCheckThread:86 - entering critical section [integrity check]
2024-11-15 01:32:41,838 [INFO] ThirdPartyUpdaterWithRetryManager:70 - Updater plugin not ready yet. [1/15]
2024-11-15 01:32:41,841 [INFO] PluginManage:359 - Loaded plugin tools (category:base,tabindex:7)
2024-11-15 01:32:41,841 [INFO] PluginManage:310 - Check plugin tutovideos
2024-11-15 01:32:42,024 [INFO] PluginManage:359 - Loaded plugin tutovideos (category:base,tabindex:-1)
2024-11-15 01:32:42,024 [INFO] PluginManage:310 - Check plugin updater
2024-11-15 01:32:42,045 [INFO] PluginManage:359 - Loaded plugin updater (category:base,tabindex:12)
2024-11-15 01:32:42,045 [INFO] PluginManage:310 - Check plugin userauth
2024-11-15 01:32:42,051 [INFO] UserAuth:113 - Init User Auth plugin
2024-11-15 01:32:42,052 [INFO] PluginManage:359 - Loaded plugin userauth (category:base,tabindex:14)
2024-11-15 01:32:42,052 [INFO] PluginManage:283 - PluginManage : Loaded plugins [18]
2024-11-15 01:32:42,241 [INFO] PinOutPanel:1561 - setPackage(No Configuration,No Configuration)
2024-11-15 01:32:42,326 [INFO] CADModel:165 - CPN selected for project level
2024-11-15 01:32:42,326 [INFO] CADModel:114 - Register for checkConnection events
2024-11-15 01:32:42,338 [INFO] IPUIPlugin:80 - create IPUIPlugin
2024-11-15 01:32:42,338 [INFO] PluginManager:220 - loadIPPluginJar : add lorawan
2024-11-15 01:32:42,341 [INFO] IPUIPlugin:80 - create IPUIPlugin
2024-11-15 01:32:42,341 [INFO] PluginManager:220 - loadIPPluginJar : add pdm2pcm
2024-11-15 01:32:42,342 [INFO] IPUIPlugin:80 - create IPUIPlugin
2024-11-15 01:32:42,342 [INFO] PluginManager:220 - loadIPPluginJar : add fatfs
2024-11-15 01:32:42,344 [INFO] IPUIPlugin:80 - create IPUIPlugin
2024-11-15 01:32:42,344 [INFO] PluginManager:220 - loadIPPluginJar : add extmemmanager
2024-11-15 01:32:42,346 [INFO] IPUIPlugin:80 - create IPUIPlugin
2024-11-15 01:32:42,346 [INFO] PluginManager:220 - loadIPPluginJar : add gtzc
2024-11-15 01:32:42,351 [INFO] IPUIPlugin:80 - create IPUIPlugin
2024-11-15 01:32:42,351 [INFO] PluginManager:220 - loadIPPluginJar : add freertos
2024-11-15 01:32:42,357 [INFO] IPUIPlugin:80 - create IPUIPlugin
2024-11-15 01:32:42,357 [INFO] PluginManager:220 - loadIPPluginJar : add stm32_wpan
2024-11-15 01:32:42,359 [INFO] IPUIPlugin:80 - create IPUIPlugin
2024-11-15 01:32:42,359 [INFO] PluginManager:220 - loadIPPluginJar : add dma3
2024-11-15 01:32:42,361 [INFO] IPUIPlugin:80 - create IPUIPlugin
2024-11-15 01:32:42,361 [INFO] PluginManager:220 - loadIPPluginJar : add ddr_ctrl_phy
2024-11-15 01:32:42,367 [INFO] IPUIPlugin:80 - create IPUIPlugin
2024-11-15 01:32:42,369 [INFO] PluginManager:220 - loadIPPluginJar : add plateformsettings
2024-11-15 01:32:42,370 [INFO] IPUIPlugin:80 - create IPUIPlugin
2024-11-15 01:32:42,370 [INFO] PluginManager:220 - loadIPPluginJar : add tsc
2024-11-15 01:32:42,371 [INFO] IPUIPlugin:80 - create IPUIPlugin
2024-11-15 01:32:42,371 [INFO] PluginManager:220 - loadIPPluginJar : add aes
2024-11-15 01:32:42,377 [INFO] IPUIPlugin:80 - create IPUIPlugin
2024-11-15 01:32:42,377 [INFO] PluginManager:220 - loadIPPluginJar : add mdma
2024-11-15 01:32:42,380 [INFO] IPUIPlugin:80 - create IPUIPlugin
2024-11-15 01:32:42,380 [INFO] PluginManager:220 - loadIPPluginJar : add nvic
2024-11-15 01:32:42,381 [INFO] IPUIPlugin:80 - create IPUIPlugin
2024-11-15 01:32:42,381 [INFO] PluginManager:220 - loadIPPluginJar : add hash
2024-11-15 01:32:42,383 [INFO] IPUIPlugin:80 - create IPUIPlugin
2024-11-15 01:32:42,383 [INFO] PluginManager:220 - loadIPPluginJar : add ts
2024-11-15 01:32:42,384 [INFO] IPUIPlugin:80 - create IPUIPlugin
2024-11-15 01:32:42,384 [INFO] PluginManager:220 - loadIPPluginJar : add usart
2024-11-15 01:32:42,385 [INFO] IPUIPlugin:80 - create IPUIPlugin
2024-11-15 01:32:42,386 [INFO] PluginManager:220 - loadIPPluginJar : add radio
2024-11-15 01:32:42,392 [INFO] IPUIPlugin:80 - create IPUIPlugin
2024-11-15 01:32:42,392 [INFO] PluginManager:220 - loadIPPluginJar : add linkedlist
2024-11-15 01:32:42,395 [INFO] IPUIPlugin:80 - create IPUIPlugin
2024-11-15 01:32:42,395 [INFO] PluginManager:220 - loadIPPluginJar : add ipddr
2024-11-15 01:32:42,399 [INFO] IPUIPlugin:80 - create IPUIPlugin
2024-11-15 01:32:42,399 [INFO] PluginManager:220 - loadIPPluginJar : add gic
2024-11-15 01:32:42,402 [INFO] IPUIPlugin:80 - create IPUIPlugin
2024-11-15 01:32:42,402 [INFO] PluginManager:220 - loadIPPluginJar : add opamp
2024-11-15 01:32:42,403 [INFO] IPUIPlugin:80 - create IPUIPlugin
2024-11-15 01:32:42,404 [INFO] PluginManager:220 - loadIPPluginJar : add gfxmmu
2024-11-15 01:32:42,404 [INFO] IPUIPlugin:80 - create IPUIPlugin
2024-11-15 01:32:42,405 [INFO] PluginManager:220 - loadIPPluginJar : add ltdc
2024-11-15 01:32:42,406 [INFO] IPUIPlugin:80 - create IPUIPlugin
2024-11-15 01:32:42,406 [INFO] PluginManager:220 - loadIPPluginJar : add sai
2024-11-15 01:32:42,410 [INFO] IPUIPlugin:80 - create IPUIPlugin
2024-11-15 01:32:42,410 [INFO] PluginManager:220 - loadIPPluginJar : add fmc
2024-11-15 01:32:42,411 [INFO] IPUIPlugin:80 - create IPUIPlugin
2024-11-15 01:32:42,411 [INFO] PluginManager:220 - loadIPPluginJar : add tracer_emb
2024-11-15 01:32:42,423 [INFO] IPUIPlugin:80 - create IPUIPlugin
2024-11-15 01:32:42,423 [INFO] PluginManager:220 - loadIPPluginJar : add adc
2024-11-15 01:32:42,426 [INFO] IPUIPlugin:80 - create IPUIPlugin
2024-11-15 01:32:42,426 [INFO] PluginManager:220 - loadIPPluginJar : add dfsdm
2024-11-15 01:32:42,428 [INFO] IPUIPlugin:80 - create IPUIPlugin
2024-11-15 01:32:42,428 [INFO] PluginManager:220 - loadIPPluginJar : add i2s
2024-11-15 01:32:42,434 [INFO] IPUIPlugin:80 - create IPUIPlugin
2024-11-15 01:32:42,435 [INFO] PluginManager:220 - loadIPPluginJar : add dma
2024-11-15 01:32:42,436 [INFO] IPUIPlugin:80 - create IPUIPlugin
2024-11-15 01:32:42,436 [INFO] PluginManager:220 - loadIPPluginJar : add comp
2024-11-15 01:32:42,439 [INFO] IPUIPlugin:80 - create IPUIPlugin
2024-11-15 01:32:42,439 [INFO] PluginManager:220 - loadIPPluginJar : add can
2024-11-15 01:32:42,441 [INFO] IPUIPlugin:80 - create IPUIPlugin
2024-11-15 01:32:42,441 [INFO] PluginManager:220 - loadIPPluginJar : add usbx
2024-11-15 01:32:42,443 [INFO] IPUIPlugin:80 - create IPUIPlugin
2024-11-15 01:32:42,443 [INFO] PluginManager:220 - loadIPPluginJar : add genericplugin
2024-11-15 01:32:42,446 [INFO] IPUIPlugin:80 - create IPUIPlugin
2024-11-15 01:32:42,446 [INFO] PluginManager:220 - loadIPPluginJar : add resmgrutility
2024-11-15 01:32:42,450 [INFO] IPUIPlugin:80 - create IPUIPlugin
2024-11-15 01:32:42,450 [INFO] PluginManager:220 - loadIPPluginJar : add gpio
2024-11-15 01:32:42,453 [INFO] IPUIPlugin:80 - create IPUIPlugin
2024-11-15 01:32:42,453 [INFO] PluginManager:220 - loadIPPluginJar : add spi
2024-11-15 01:32:42,454 [INFO] IPUIPlugin:80 - create IPUIPlugin
2024-11-15 01:32:42,454 [INFO] PluginManager:220 - loadIPPluginJar : add quadspi
2024-11-15 01:32:42,457 [INFO] IPUIPlugin:80 - create IPUIPlugin
2024-11-15 01:32:42,457 [INFO] PluginManager:220 - loadIPPluginJar : add openamp
2024-11-15 01:32:42,460 [INFO] IPUIPlugin:80 - create IPUIPlugin
2024-11-15 01:32:42,460 [INFO] PluginManager:220 - loadIPPluginJar : add i2c
2024-11-15 01:32:42,462 [INFO] IPUIPlugin:80 - create IPUIPlugin
2024-11-15 01:32:42,462 [INFO] PluginManager:220 - loadIPPluginJar : add i3c
2024-11-15 01:32:42,464 [INFO] IPUIPlugin:80 - create IPUIPlugin
2024-11-15 01:32:42,464 [INFO] PluginManager:220 - loadIPPluginJar : add tim
2024-11-15 01:32:42,467 [INFO] IPUIPlugin:80 - create IPUIPlugin
2024-11-15 01:32:42,468 [INFO] PluginManager:220 - loadIPPluginJar : add touchsensing
2024-11-15 01:32:42,469 [INFO] IPUIPlugin:80 - create IPUIPlugin
2024-11-15 01:32:42,470 [INFO] PluginManager:220 - loadIPPluginJar : add ucpd
2024-11-15 01:32:42,472 [INFO] IPUIPlugin:80 - create IPUIPlugin
2024-11-15 01:32:42,472 [INFO] PluginManager:220 - loadIPPluginJar : add cryp
2024-11-15 01:32:42,600 [INFO] CADModel:165 - CPN selected for project level
2024-11-15 01:32:42,600 [INFO] CADModel:114 - Register for checkConnection events
2024-11-15 01:32:42,600 [FATAL] Updater:334 - Updater called before beeing initialized
2024-11-15 01:32:42,601 [ERROR] CADModel:125 - Updater not yet initialized, retry later 
2024-11-15 01:32:42,735 [INFO] CADModel:165 - CPN selected for project level
2024-11-15 01:32:42,736 [INFO] CADModel:114 - Register for checkConnection events
2024-11-15 01:32:42,736 [FATAL] Updater:334 - Updater called before beeing initialized
2024-11-15 01:32:42,736 [ERROR] CADModel:125 - Updater not yet initialized, retry later 
2024-11-15 01:32:42,739 [FATAL] Updater:334 - Updater called before beeing initialized
2024-11-15 01:32:42,834 [FATAL] Updater:334 - Updater called before beeing initialized
2024-11-15 01:32:42,839 [INFO] DbMcusAds:53 - JSON generation date=Fri Sep 20 20:04:38 ICT 2024 (1726837478367)
2024-11-15 01:32:42,839 [FATAL] Updater:334 - Updater called before beeing initialized
2024-11-15 01:32:42,874 [WARN] DetailPanel:346 - Failed to get advertising image, set to default
2024-11-15 01:32:42,937 [FATAL] Updater:334 - Updater called before beeing initialized
2024-11-15 01:32:42,938 [FATAL] Updater:334 - Updater called before beeing initialized
2024-11-15 01:32:42,938 [FATAL] Updater:334 - Updater called before beeing initialized
2024-11-15 01:32:42,938 [WARN] DetailPanel:346 - Failed to get advertising image, set to default
2024-11-15 01:32:42,940 [FATAL] Updater:334 - Updater called before beeing initialized
2024-11-15 01:32:42,973 [ERROR] Updater:1164 - MainUpdater not yet initialized. External WinMGr cannot be set.
2024-11-15 01:32:42,976 [INFO] Updater:1100 - Updater Version found : 6.12.1
2024-11-15 01:32:42,998 [INFO] ApplicationProperties:184 - Using Application install path: /opt/st/stm32cubeide_1.16.1/plugins/com.st.stm32cube.common.mx_6.12.1.202409122256
2024-11-15 01:32:43,231 [INFO] MainUpdater:2873 - connection check result : 22
2024-11-15 01:32:43,231 [INFO] MainUpdater:290 - Updater Check For Update Now.
2024-11-15 01:32:43,232 [INFO] MicroXplorer:498 - Change Database Version : DB.6.0.121
2024-11-15 01:32:43,238 [INFO] McuFinderGlobals:63 - Set McuFinder mode to 2 (CubeIDE integrated)
2024-11-15 01:32:43,239 [INFO] UserAuth:417 - Internet connection configuration mode: 2
2024-11-15 01:32:43,248 [INFO] UserAuth:417 - Internet connection configuration mode: 2
2024-11-15 01:32:43,440 [INFO] CheckServerUpdateThread:120 - End of CheckServer Thread
2024-11-15 01:32:44,950 [WARN] PackLoader:240 - Cannot read IP mode file for STMicroelectronics.FP-SNS-MOTENVWB1.1.4.0
2024-11-15 01:32:44,960 [WARN] PackLoader:240 - Cannot read IP mode file for STMicroelectronics.X-CUBE-SMBUS.2.1.0
2024-11-15 01:32:44,964 [WARN] PackLoader:240 - Cannot read IP mode file for STMicroelectronics.FP-SNS-FLIGHT1.5.0.2
2024-11-15 01:32:44,975 [WARN] PackLoader:240 - Cannot read IP mode file for STMicroelectronics.X-CUBE-DISPLAY.3.0.0
2024-11-15 01:32:44,992 [WARN] PackLoader:240 - Cannot read IP mode file for STMicroelectronics.X-CUBE-BLE1.7.0.0
2024-11-15 01:32:45,006 [WARN] PackLoader:240 - Cannot read IP mode file for STMicroelectronics.X-CUBE-BLEMGR.3.1.0
2024-11-15 01:32:45,020 [WARN] PackLoader:240 - Cannot read IP mode file for STMicroelectronics.FP-SNS-SMARTAG2.1.2.0
2024-11-15 01:32:45,025 [WARN] PackLoader:240 - Cannot read IP mode file for STMicroelectronics.FP-SNS-MOTENV1.5.0.0
2024-11-15 01:32:45,032 [WARN] PackLoader:240 - Cannot read IP mode file for STMicroelectronics.X-CUBE-BLE2.3.3.0
2024-11-15 01:32:45,038 [WARN] PackLoader:240 - Cannot read IP mode file for STMicroelectronics.X-CUBE-TCPP.4.1.0
2024-11-15 01:32:45,053 [WARN] PackLoader:240 - Cannot read IP mode file for STMicroelectronics.X-CUBE-SAFEA1.1.2.2
2024-11-15 01:32:45,059 [WARN] PackLoader:240 - Cannot read IP mode file for STMicroelectronics.X-CUBE-NFC4.3.0.0
2024-11-15 01:32:45,063 [WARN] PackLoader:240 - Cannot read IP mode file for STMicroelectronics.FP-ATR-SIGFOX1.3.2.0
2024-11-15 01:32:45,071 [WARN] PackLoader:240 - Cannot read IP mode file for STMicroelectronics.X-CUBE-EEPRMA1.5.1.0
2024-11-15 01:32:45,077 [WARN] PackLoader:240 - Cannot read IP mode file for STMicroelectronics.X-CUBE-FREERTOS.1.2.0
2024-11-15 01:32:45,086 [WARN] PackLoader:240 - Cannot read IP mode file for STMicroelectronics.X-CUBE-NFC6.3.1.0
2024-11-15 01:32:45,094 [WARN] PackLoader:240 - Cannot read IP mode file for STMicroelectronics.X-CUBE-NFC7.1.0.1
2024-11-15 01:32:45,100 [WARN] PackLoader:240 - Cannot read IP mode file for STMicroelectronics.X-CUBE-SFXS2LP1.4.0.0
2024-11-15 01:32:45,113 [WARN] PackLoader:240 - Cannot read IP mode file for STMicroelectronics.X-CUBE-SUBG2.5.0.0
2024-11-15 01:32:45,128 [WARN] PackLoader:240 - Cannot read IP mode file for STMicroelectronics.X-CUBE-ALS.1.0.2
2024-11-15 01:32:45,132 [WARN] PackLoader:240 - Cannot read IP mode file for STMicroelectronics.FP-ATR-ASTRA1.2.0.0
2024-11-15 01:32:45,133 [INFO] ThirdParty:978 - Integrity check success = true
2024-11-15 01:32:45,133 [INFO] IntegrityCheckThread:100 - exiting critical section [integrity check]
2024-11-15 01:32:45,133 [INFO] IntegrityCheckThread:103 - End integrity checks thread
2024-11-15 01:38:44,577 [ERROR] ConfigurationRetriever:142 - IOException on connection: sw-center.st.com
2024-11-15 01:38:44,578 [ERROR] ConfigurationRetriever:142 - IOException on connection: sw-center.st.com
2024-11-15 01:38:44,578 [ERROR] ConfigurationRetriever:142 - IOException on connection: sw-center.st.com
