[0.069s] DEBUG:colcon:Command line arguments: ['/usr/bin/colcon', 'build']
[0.069s] DEBUG:colcon:Parsed command line arguments: Namespace(log_base=None, log_level=None, verb_name='build', build_base='build', install_base='install', merge_install=False, symlink_install=False, test_result_base=None, continue_on_error=False, executor='parallel', parallel_workers=16, event_handlers=None, ignore_user_meta=False, metas=['./colcon.meta'], base_paths=['.'], packages_ignore=None, packages_ignore_regex=None, paths=None, packages_up_to=None, packages_up_to_regex=None, packages_above=None, packages_above_and_dependencies=None, packages_above_depth=None, packages_select_by_dep=None, packages_skip_by_dep=None, packages_skip_up_to=None, packages_select_build_failed=False, packages_skip_build_finished=False, packages_select_test_failures=False, packages_skip_test_passed=False, packages_select=None, packages_skip=None, packages_select_regex=None, packages_skip_regex=None, packages_start=None, packages_end=None, allow_overriding=[], cmake_args=None, cmake_target=None, cmake_target_skip_unavailable=False, cmake_clean_cache=False, cmake_clean_first=False, cmake_force_configure=False, ament_cmake_args=None, catkin_cmake_args=None, catkin_skip_building_tests=False, verb_parser=<colcon_defaults.argument_parser.defaults.DefaultArgumentsDecorator object at 0x74e5f2a56980>, verb_extension=<colcon_core.verb.build.BuildVerb object at 0x74e5f2a56470>, main=<bound method BuildVerb.main of <colcon_core.verb.build.BuildVerb object at 0x74e5f2a56470>>)
[0.192s] Level 1:colcon.colcon_core.package_discovery:discover_packages(colcon_meta) check parameters
[0.192s] Level 1:colcon.colcon_core.package_discovery:discover_packages(recursive) check parameters
[0.192s] Level 1:colcon.colcon_core.package_discovery:discover_packages(ignore) check parameters
[0.192s] Level 1:colcon.colcon_core.package_discovery:discover_packages(path) check parameters
[0.192s] Level 1:colcon.colcon_core.package_discovery:discover_packages(colcon_meta) discover
[0.192s] Level 1:colcon.colcon_core.package_discovery:discover_packages(recursive) discover
[0.192s] INFO:colcon.colcon_core.package_discovery:Crawling recursively for packages in '/home/kireiji/Documents/GitHub/CARVER/AMT212E-V/AMT212E-V/AMT212E-V_Micro-ROS'
[0.192s] Level 1:colcon.colcon_core.package_identification:_identify(.) by extensions ['ignore', 'ignore_ament_install']
[0.192s] Level 1:colcon.colcon_core.package_identification:_identify(.) by extension 'ignore'
[0.192s] Level 1:colcon.colcon_core.package_identification:_identify(.) by extension 'ignore_ament_install'
[0.192s] Level 1:colcon.colcon_core.package_identification:_identify(.) by extensions ['colcon_pkg']
[0.192s] Level 1:colcon.colcon_core.package_identification:_identify(.) by extension 'colcon_pkg'
[0.192s] Level 1:colcon.colcon_core.package_identification:_identify(.) by extensions ['colcon_meta']
[0.192s] Level 1:colcon.colcon_core.package_identification:_identify(.) by extension 'colcon_meta'
[0.192s] Level 1:colcon.colcon_core.package_identification:_identify(.) by extensions ['ros']
[0.192s] Level 1:colcon.colcon_core.package_identification:_identify(.) by extension 'ros'
[0.217s] Level 1:colcon.colcon_core.package_identification:_identify(.) by extensions ['cmake', 'python']
[0.217s] Level 1:colcon.colcon_core.package_identification:_identify(.) by extension 'cmake'
[0.217s] Level 1:colcon.colcon_core.package_identification:_identify(.) by extension 'python'
[0.217s] Level 1:colcon.colcon_core.package_identification:_identify(.) by extensions ['python_setup_py']
[0.217s] Level 1:colcon.colcon_core.package_identification:_identify(.) by extension 'python_setup_py'
[0.217s] Level 1:colcon.colcon_core.package_identification:_identify(build) by extensions ['ignore', 'ignore_ament_install']
[0.217s] Level 1:colcon.colcon_core.package_identification:_identify(build) by extension 'ignore'
[0.217s] Level 1:colcon.colcon_core.package_identification:_identify(build) ignored
[0.217s] Level 1:colcon.colcon_core.package_identification:_identify(firmware) by extensions ['ignore', 'ignore_ament_install']
[0.217s] Level 1:colcon.colcon_core.package_identification:_identify(firmware) by extension 'ignore'
[0.217s] Level 1:colcon.colcon_core.package_identification:_identify(firmware) ignored
[0.217s] Level 1:colcon.colcon_core.package_identification:_identify(install) by extensions ['ignore', 'ignore_ament_install']
[0.217s] Level 1:colcon.colcon_core.package_identification:_identify(install) by extension 'ignore'
[0.217s] Level 1:colcon.colcon_core.package_identification:_identify(install) ignored
[0.217s] Level 1:colcon.colcon_core.package_identification:_identify(log) by extensions ['ignore', 'ignore_ament_install']
[0.217s] Level 1:colcon.colcon_core.package_identification:_identify(log) by extension 'ignore'
[0.217s] Level 1:colcon.colcon_core.package_identification:_identify(log) ignored
[0.218s] Level 1:colcon.colcon_core.package_identification:_identify(src) by extensions ['ignore', 'ignore_ament_install']
[0.218s] Level 1:colcon.colcon_core.package_identification:_identify(src) by extension 'ignore'
[0.218s] Level 1:colcon.colcon_core.package_identification:_identify(src) by extension 'ignore_ament_install'
[0.218s] Level 1:colcon.colcon_core.package_identification:_identify(src) by extensions ['colcon_pkg']
[0.218s] Level 1:colcon.colcon_core.package_identification:_identify(src) by extension 'colcon_pkg'
[0.218s] Level 1:colcon.colcon_core.package_identification:_identify(src) by extensions ['colcon_meta']
[0.218s] Level 1:colcon.colcon_core.package_identification:_identify(src) by extension 'colcon_meta'
[0.218s] Level 1:colcon.colcon_core.package_identification:_identify(src) by extensions ['ros']
[0.218s] Level 1:colcon.colcon_core.package_identification:_identify(src) by extension 'ros'
[0.218s] Level 1:colcon.colcon_core.package_identification:_identify(src) by extensions ['cmake', 'python']
[0.218s] Level 1:colcon.colcon_core.package_identification:_identify(src) by extension 'cmake'
[0.218s] Level 1:colcon.colcon_core.package_identification:_identify(src) by extension 'python'
[0.218s] Level 1:colcon.colcon_core.package_identification:_identify(src) by extensions ['python_setup_py']
[0.218s] Level 1:colcon.colcon_core.package_identification:_identify(src) by extension 'python_setup_py'
[0.218s] Level 1:colcon.colcon_core.package_identification:_identify(src/amt212ev_interfaces) by extensions ['ignore', 'ignore_ament_install']
[0.218s] Level 1:colcon.colcon_core.package_identification:_identify(src/amt212ev_interfaces) by extension 'ignore'
[0.218s] Level 1:colcon.colcon_core.package_identification:_identify(src/amt212ev_interfaces) by extension 'ignore_ament_install'
[0.218s] Level 1:colcon.colcon_core.package_identification:_identify(src/amt212ev_interfaces) by extensions ['colcon_pkg']
[0.218s] Level 1:colcon.colcon_core.package_identification:_identify(src/amt212ev_interfaces) by extension 'colcon_pkg'
[0.218s] Level 1:colcon.colcon_core.package_identification:_identify(src/amt212ev_interfaces) by extensions ['colcon_meta']
[0.218s] Level 1:colcon.colcon_core.package_identification:_identify(src/amt212ev_interfaces) by extension 'colcon_meta'
[0.218s] Level 1:colcon.colcon_core.package_identification:_identify(src/amt212ev_interfaces) by extensions ['ros']
[0.218s] Level 1:colcon.colcon_core.package_identification:_identify(src/amt212ev_interfaces) by extension 'ros'
[0.220s] DEBUG:colcon.colcon_core.package_identification:Package 'src/amt212ev_interfaces' with type 'ros.ament_cmake' and name 'amt212ev_interfaces'
[0.220s] Level 1:colcon.colcon_core.package_discovery:discover_packages(recursive) using defaults
[0.220s] Level 1:colcon.colcon_core.package_discovery:discover_packages(ignore) discover
[0.220s] Level 1:colcon.colcon_core.package_discovery:discover_packages(ignore) using defaults
[0.220s] Level 1:colcon.colcon_core.package_discovery:discover_packages(path) discover
[0.220s] Level 1:colcon.colcon_core.package_discovery:discover_packages(path) using defaults
[0.232s] Level 1:colcon.colcon_core.package_discovery:discover_packages(prefix_path) check parameters
[0.232s] Level 1:colcon.colcon_core.package_discovery:discover_packages(prefix_path) discover
[0.234s] DEBUG:colcon.colcon_installed_package_information.package_discovery:Found 2 installed packages in /home/kireiji/Documents/GitHub/CARVER/AMT212E-V/AMT212E-V/AMT212E-V_Micro-ROS/install
[0.234s] DEBUG:colcon.colcon_installed_package_information.package_discovery:Found 1 installed packages in /home/kireiji/solar/install
[0.234s] DEBUG:colcon.colcon_installed_package_information.package_discovery:Found 3 installed packages in /home/kireiji/uros_ws/install
[0.234s] DEBUG:colcon.colcon_installed_package_information.package_discovery:Found 3 installed packages in /home/kireiji/Documents/GitHub/Exam/install
[0.235s] DEBUG:colcon.colcon_installed_package_information.package_discovery:Found 2 installed packages in /home/kireiji/ros2_ws/install
[0.235s] DEBUG:colcon.colcon_installed_package_information.package_discovery:Found 1 installed packages in /home/kireiji/advRobotics_ws/install
[0.235s] DEBUG:colcon.colcon_installed_package_information.package_discovery:Found 2 installed packages in /home/kireiji/FRA501_WS/install
[0.235s] DEBUG:colcon.colcon_installed_package_information.package_discovery:Found 1 installed packages in /home/kireiji/Documents/GitHub/fun4/install
[0.236s] DEBUG:colcon.colcon_installed_package_information.package_discovery:Found 2 installed packages in /home/kireiji/your_workspace/install
[0.236s] DEBUG:colcon.colcon_installed_package_information.package_discovery:Found 272 installed packages in /opt/ros/humble
[0.237s] Level 1:colcon.colcon_core.package_discovery:discover_packages(prefix_path) using defaults
[0.260s] Level 5:colcon.colcon_core.verb:set package 'amt212ev_interfaces' build argument 'cmake_args' from command line to 'None'
[0.260s] Level 5:colcon.colcon_core.verb:set package 'amt212ev_interfaces' build argument 'cmake_target' from command line to 'None'
[0.260s] Level 5:colcon.colcon_core.verb:set package 'amt212ev_interfaces' build argument 'cmake_target_skip_unavailable' from command line to 'False'
[0.260s] Level 5:colcon.colcon_core.verb:set package 'amt212ev_interfaces' build argument 'cmake_clean_cache' from command line to 'False'
[0.260s] Level 5:colcon.colcon_core.verb:set package 'amt212ev_interfaces' build argument 'cmake_clean_first' from command line to 'False'
[0.260s] Level 5:colcon.colcon_core.verb:set package 'amt212ev_interfaces' build argument 'cmake_force_configure' from command line to 'False'
[0.260s] Level 5:colcon.colcon_core.verb:set package 'amt212ev_interfaces' build argument 'ament_cmake_args' from command line to 'None'
[0.260s] Level 5:colcon.colcon_core.verb:set package 'amt212ev_interfaces' build argument 'catkin_cmake_args' from command line to 'None'
[0.260s] Level 5:colcon.colcon_core.verb:set package 'amt212ev_interfaces' build argument 'catkin_skip_building_tests' from command line to 'False'
[0.260s] DEBUG:colcon.colcon_core.verb:Building package 'amt212ev_interfaces' with the following arguments: {'ament_cmake_args': None, 'build_base': '/home/kireiji/Documents/GitHub/CARVER/AMT212E-V/AMT212E-V/AMT212E-V_Micro-ROS/build/amt212ev_interfaces', 'catkin_cmake_args': None, 'catkin_skip_building_tests': False, 'cmake_args': None, 'cmake_clean_cache': False, 'cmake_clean_first': False, 'cmake_force_configure': False, 'cmake_target': None, 'cmake_target_skip_unavailable': False, 'install_base': '/home/kireiji/Documents/GitHub/CARVER/AMT212E-V/AMT212E-V/AMT212E-V_Micro-ROS/install/amt212ev_interfaces', 'merge_install': False, 'path': '/home/kireiji/Documents/GitHub/CARVER/AMT212E-V/AMT212E-V/AMT212E-V_Micro-ROS/src/amt212ev_interfaces', 'symlink_install': False, 'test_result_base': None}
[0.260s] INFO:colcon.colcon_core.executor:Executing jobs using 'parallel' executor
[0.261s] DEBUG:colcon.colcon_parallel_executor.executor.parallel:run_until_complete
[0.261s] INFO:colcon.colcon_ros.task.ament_cmake.build:Building ROS package in '/home/kireiji/Documents/GitHub/CARVER/AMT212E-V/AMT212E-V/AMT212E-V_Micro-ROS/src/amt212ev_interfaces' with build type 'ament_cmake'
[0.261s] INFO:colcon.colcon_cmake.task.cmake.build:Building CMake package in '/home/kireiji/Documents/GitHub/CARVER/AMT212E-V/AMT212E-V/AMT212E-V_Micro-ROS/src/amt212ev_interfaces'
[0.262s] INFO:colcon.colcon_core.plugin_system:Skipping extension 'colcon_core.shell.bat': Not used on non-Windows systems
[0.262s] INFO:colcon.colcon_core.shell:Skip shell extension 'powershell' for command environment: Not usable outside of PowerShell
[0.262s] DEBUG:colcon.colcon_core.shell:Skip shell extension 'dsv' for command environment
[0.270s] DEBUG:colcon.colcon_core.event_handler.log_command:Invoking command in '/home/kireiji/Documents/GitHub/CARVER/AMT212E-V/AMT212E-V/AMT212E-V_Micro-ROS/build/amt212ev_interfaces': CMAKE_PREFIX_PATH=${CMAKE_PREFIX_PATH}:/home/kireiji/ros2_ws/install/my_py_pkg:/opt/ros/humble /usr/bin/cmake --build /home/kireiji/Documents/GitHub/CARVER/AMT212E-V/AMT212E-V/AMT212E-V_Micro-ROS/build/amt212ev_interfaces -- -j16 -l16
[2.765s] DEBUG:colcon.colcon_core.event_handler.log_command:Invoked command in '/home/kireiji/Documents/GitHub/CARVER/AMT212E-V/AMT212E-V/AMT212E-V_Micro-ROS/build/amt212ev_interfaces' returned '0': CMAKE_PREFIX_PATH=${CMAKE_PREFIX_PATH}:/home/kireiji/ros2_ws/install/my_py_pkg:/opt/ros/humble /usr/bin/cmake --build /home/kireiji/Documents/GitHub/CARVER/AMT212E-V/AMT212E-V/AMT212E-V_Micro-ROS/build/amt212ev_interfaces -- -j16 -l16
[2.819s] DEBUG:colcon.colcon_core.event_handler.log_command:Invoking command in '/home/kireiji/Documents/GitHub/CARVER/AMT212E-V/AMT212E-V/AMT212E-V_Micro-ROS/build/amt212ev_interfaces': CMAKE_PREFIX_PATH=${CMAKE_PREFIX_PATH}:/home/kireiji/ros2_ws/install/my_py_pkg:/opt/ros/humble /usr/bin/cmake --install /home/kireiji/Documents/GitHub/CARVER/AMT212E-V/AMT212E-V/AMT212E-V_Micro-ROS/build/amt212ev_interfaces
[2.882s] Level 1:colcon.colcon_core.environment:create_environment_scripts_only(amt212ev_interfaces)
[2.883s] DEBUG:colcon.colcon_core.event_handler.log_command:Invoked command in '/home/kireiji/Documents/GitHub/CARVER/AMT212E-V/AMT212E-V/AMT212E-V_Micro-ROS/build/amt212ev_interfaces' returned '0': CMAKE_PREFIX_PATH=${CMAKE_PREFIX_PATH}:/home/kireiji/ros2_ws/install/my_py_pkg:/opt/ros/humble /usr/bin/cmake --install /home/kireiji/Documents/GitHub/CARVER/AMT212E-V/AMT212E-V/AMT212E-V_Micro-ROS/build/amt212ev_interfaces
[2.884s] Level 1:colcon.colcon_core.environment:checking '/home/kireiji/Documents/GitHub/CARVER/AMT212E-V/AMT212E-V/AMT212E-V_Micro-ROS/install/amt212ev_interfaces' for CMake module files
[2.885s] Level 1:colcon.colcon_core.environment:checking '/home/kireiji/Documents/GitHub/CARVER/AMT212E-V/AMT212E-V/AMT212E-V_Micro-ROS/install/amt212ev_interfaces' for CMake config files
[2.885s] Level 1:colcon.colcon_core.shell:create_environment_hook('amt212ev_interfaces', 'cmake_prefix_path')
[2.885s] INFO:colcon.colcon_core.shell:Creating environment hook '/home/kireiji/Documents/GitHub/CARVER/AMT212E-V/AMT212E-V/AMT212E-V_Micro-ROS/install/amt212ev_interfaces/share/amt212ev_interfaces/hook/cmake_prefix_path.ps1'
[2.886s] INFO:colcon.colcon_core.shell:Creating environment descriptor '/home/kireiji/Documents/GitHub/CARVER/AMT212E-V/AMT212E-V/AMT212E-V_Micro-ROS/install/amt212ev_interfaces/share/amt212ev_interfaces/hook/cmake_prefix_path.dsv'
[2.886s] INFO:colcon.colcon_core.shell:Creating environment hook '/home/kireiji/Documents/GitHub/CARVER/AMT212E-V/AMT212E-V/AMT212E-V_Micro-ROS/install/amt212ev_interfaces/share/amt212ev_interfaces/hook/cmake_prefix_path.sh'
[2.886s] Level 1:colcon.colcon_core.environment:checking '/home/kireiji/Documents/GitHub/CARVER/AMT212E-V/AMT212E-V/AMT212E-V_Micro-ROS/install/amt212ev_interfaces/lib'
[2.887s] Level 1:colcon.colcon_core.shell:create_environment_hook('amt212ev_interfaces', 'ld_library_path_lib')
[2.887s] INFO:colcon.colcon_core.shell:Creating environment hook '/home/kireiji/Documents/GitHub/CARVER/AMT212E-V/AMT212E-V/AMT212E-V_Micro-ROS/install/amt212ev_interfaces/share/amt212ev_interfaces/hook/ld_library_path_lib.ps1'
[2.887s] INFO:colcon.colcon_core.shell:Creating environment descriptor '/home/kireiji/Documents/GitHub/CARVER/AMT212E-V/AMT212E-V/AMT212E-V_Micro-ROS/install/amt212ev_interfaces/share/amt212ev_interfaces/hook/ld_library_path_lib.dsv'
[2.887s] INFO:colcon.colcon_core.shell:Creating environment hook '/home/kireiji/Documents/GitHub/CARVER/AMT212E-V/AMT212E-V/AMT212E-V_Micro-ROS/install/amt212ev_interfaces/share/amt212ev_interfaces/hook/ld_library_path_lib.sh'
[2.887s] Level 1:colcon.colcon_core.environment:checking '/home/kireiji/Documents/GitHub/CARVER/AMT212E-V/AMT212E-V/AMT212E-V_Micro-ROS/install/amt212ev_interfaces/bin'
[2.887s] Level 1:colcon.colcon_core.environment:checking '/home/kireiji/Documents/GitHub/CARVER/AMT212E-V/AMT212E-V/AMT212E-V_Micro-ROS/install/amt212ev_interfaces/lib/pkgconfig/amt212ev_interfaces.pc'
[2.888s] Level 1:colcon.colcon_core.environment:checking '/home/kireiji/Documents/GitHub/CARVER/AMT212E-V/AMT212E-V/AMT212E-V_Micro-ROS/install/amt212ev_interfaces/lib/python3.10/site-packages'
[2.888s] Level 1:colcon.colcon_core.shell:create_environment_hook('amt212ev_interfaces', 'pythonpath')
[2.888s] INFO:colcon.colcon_core.shell:Creating environment hook '/home/kireiji/Documents/GitHub/CARVER/AMT212E-V/AMT212E-V/AMT212E-V_Micro-ROS/install/amt212ev_interfaces/share/amt212ev_interfaces/hook/pythonpath.ps1'
[2.888s] INFO:colcon.colcon_core.shell:Creating environment descriptor '/home/kireiji/Documents/GitHub/CARVER/AMT212E-V/AMT212E-V/AMT212E-V_Micro-ROS/install/amt212ev_interfaces/share/amt212ev_interfaces/hook/pythonpath.dsv'
[2.888s] INFO:colcon.colcon_core.shell:Creating environment hook '/home/kireiji/Documents/GitHub/CARVER/AMT212E-V/AMT212E-V/AMT212E-V_Micro-ROS/install/amt212ev_interfaces/share/amt212ev_interfaces/hook/pythonpath.sh'
[2.888s] Level 1:colcon.colcon_core.environment:checking '/home/kireiji/Documents/GitHub/CARVER/AMT212E-V/AMT212E-V/AMT212E-V_Micro-ROS/install/amt212ev_interfaces/bin'
[2.889s] INFO:colcon.colcon_core.shell:Creating package script '/home/kireiji/Documents/GitHub/CARVER/AMT212E-V/AMT212E-V/AMT212E-V_Micro-ROS/install/amt212ev_interfaces/share/amt212ev_interfaces/package.ps1'
[2.889s] INFO:colcon.colcon_core.shell:Creating package descriptor '/home/kireiji/Documents/GitHub/CARVER/AMT212E-V/AMT212E-V/AMT212E-V_Micro-ROS/install/amt212ev_interfaces/share/amt212ev_interfaces/package.dsv'
[2.889s] INFO:colcon.colcon_core.shell:Creating package script '/home/kireiji/Documents/GitHub/CARVER/AMT212E-V/AMT212E-V/AMT212E-V_Micro-ROS/install/amt212ev_interfaces/share/amt212ev_interfaces/package.sh'
[2.890s] INFO:colcon.colcon_core.shell:Creating package script '/home/kireiji/Documents/GitHub/CARVER/AMT212E-V/AMT212E-V/AMT212E-V_Micro-ROS/install/amt212ev_interfaces/share/amt212ev_interfaces/package.bash'
[2.890s] INFO:colcon.colcon_core.shell:Creating package script '/home/kireiji/Documents/GitHub/CARVER/AMT212E-V/AMT212E-V/AMT212E-V_Micro-ROS/install/amt212ev_interfaces/share/amt212ev_interfaces/package.zsh'
[2.891s] Level 1:colcon.colcon_core.environment:create_file_with_runtime_dependencies(/home/kireiji/Documents/GitHub/CARVER/AMT212E-V/AMT212E-V/AMT212E-V_Micro-ROS/install/amt212ev_interfaces/share/colcon-core/packages/amt212ev_interfaces)
[2.939s] Level 1:colcon.colcon_core.environment:create_environment_scripts_only(amt212ev_interfaces)
[2.939s] Level 1:colcon.colcon_core.environment:checking '/home/kireiji/Documents/GitHub/CARVER/AMT212E-V/AMT212E-V/AMT212E-V_Micro-ROS/install/amt212ev_interfaces' for CMake module files
[2.939s] Level 1:colcon.colcon_core.environment:checking '/home/kireiji/Documents/GitHub/CARVER/AMT212E-V/AMT212E-V/AMT212E-V_Micro-ROS/install/amt212ev_interfaces' for CMake config files
[2.940s] Level 1:colcon.colcon_core.shell:create_environment_hook('amt212ev_interfaces', 'cmake_prefix_path')
[2.940s] INFO:colcon.colcon_core.shell:Creating environment hook '/home/kireiji/Documents/GitHub/CARVER/AMT212E-V/AMT212E-V/AMT212E-V_Micro-ROS/install/amt212ev_interfaces/share/amt212ev_interfaces/hook/cmake_prefix_path.ps1'
[2.940s] INFO:colcon.colcon_core.shell:Creating environment descriptor '/home/kireiji/Documents/GitHub/CARVER/AMT212E-V/AMT212E-V/AMT212E-V_Micro-ROS/install/amt212ev_interfaces/share/amt212ev_interfaces/hook/cmake_prefix_path.dsv'
[2.941s] INFO:colcon.colcon_core.shell:Creating environment hook '/home/kireiji/Documents/GitHub/CARVER/AMT212E-V/AMT212E-V/AMT212E-V_Micro-ROS/install/amt212ev_interfaces/share/amt212ev_interfaces/hook/cmake_prefix_path.sh'
[2.941s] Level 1:colcon.colcon_core.environment:checking '/home/kireiji/Documents/GitHub/CARVER/AMT212E-V/AMT212E-V/AMT212E-V_Micro-ROS/install/amt212ev_interfaces/lib'
[2.941s] Level 1:colcon.colcon_core.shell:create_environment_hook('amt212ev_interfaces', 'ld_library_path_lib')
[2.941s] INFO:colcon.colcon_core.shell:Creating environment hook '/home/kireiji/Documents/GitHub/CARVER/AMT212E-V/AMT212E-V/AMT212E-V_Micro-ROS/install/amt212ev_interfaces/share/amt212ev_interfaces/hook/ld_library_path_lib.ps1'
[2.941s] INFO:colcon.colcon_core.shell:Creating environment descriptor '/home/kireiji/Documents/GitHub/CARVER/AMT212E-V/AMT212E-V/AMT212E-V_Micro-ROS/install/amt212ev_interfaces/share/amt212ev_interfaces/hook/ld_library_path_lib.dsv'
[2.941s] INFO:colcon.colcon_core.shell:Creating environment hook '/home/kireiji/Documents/GitHub/CARVER/AMT212E-V/AMT212E-V/AMT212E-V_Micro-ROS/install/amt212ev_interfaces/share/amt212ev_interfaces/hook/ld_library_path_lib.sh'
[2.942s] Level 1:colcon.colcon_core.environment:checking '/home/kireiji/Documents/GitHub/CARVER/AMT212E-V/AMT212E-V/AMT212E-V_Micro-ROS/install/amt212ev_interfaces/bin'
[2.942s] Level 1:colcon.colcon_core.environment:checking '/home/kireiji/Documents/GitHub/CARVER/AMT212E-V/AMT212E-V/AMT212E-V_Micro-ROS/install/amt212ev_interfaces/lib/pkgconfig/amt212ev_interfaces.pc'
[2.942s] Level 1:colcon.colcon_core.environment:checking '/home/kireiji/Documents/GitHub/CARVER/AMT212E-V/AMT212E-V/AMT212E-V_Micro-ROS/install/amt212ev_interfaces/lib/python3.10/site-packages'
[2.942s] Level 1:colcon.colcon_core.shell:create_environment_hook('amt212ev_interfaces', 'pythonpath')
[2.942s] INFO:colcon.colcon_core.shell:Creating environment hook '/home/kireiji/Documents/GitHub/CARVER/AMT212E-V/AMT212E-V/AMT212E-V_Micro-ROS/install/amt212ev_interfaces/share/amt212ev_interfaces/hook/pythonpath.ps1'
[2.942s] INFO:colcon.colcon_core.shell:Creating environment descriptor '/home/kireiji/Documents/GitHub/CARVER/AMT212E-V/AMT212E-V/AMT212E-V_Micro-ROS/install/amt212ev_interfaces/share/amt212ev_interfaces/hook/pythonpath.dsv'
[2.942s] INFO:colcon.colcon_core.shell:Creating environment hook '/home/kireiji/Documents/GitHub/CARVER/AMT212E-V/AMT212E-V/AMT212E-V_Micro-ROS/install/amt212ev_interfaces/share/amt212ev_interfaces/hook/pythonpath.sh'
[2.943s] Level 1:colcon.colcon_core.environment:checking '/home/kireiji/Documents/GitHub/CARVER/AMT212E-V/AMT212E-V/AMT212E-V_Micro-ROS/install/amt212ev_interfaces/bin'
[2.943s] INFO:colcon.colcon_core.shell:Creating package script '/home/kireiji/Documents/GitHub/CARVER/AMT212E-V/AMT212E-V/AMT212E-V_Micro-ROS/install/amt212ev_interfaces/share/amt212ev_interfaces/package.ps1'
[2.943s] INFO:colcon.colcon_core.shell:Creating package descriptor '/home/kireiji/Documents/GitHub/CARVER/AMT212E-V/AMT212E-V/AMT212E-V_Micro-ROS/install/amt212ev_interfaces/share/amt212ev_interfaces/package.dsv'
[2.944s] INFO:colcon.colcon_core.shell:Creating package script '/home/kireiji/Documents/GitHub/CARVER/AMT212E-V/AMT212E-V/AMT212E-V_Micro-ROS/install/amt212ev_interfaces/share/amt212ev_interfaces/package.sh'
[2.944s] INFO:colcon.colcon_core.shell:Creating package script '/home/kireiji/Documents/GitHub/CARVER/AMT212E-V/AMT212E-V/AMT212E-V_Micro-ROS/install/amt212ev_interfaces/share/amt212ev_interfaces/package.bash'
[2.944s] INFO:colcon.colcon_core.shell:Creating package script '/home/kireiji/Documents/GitHub/CARVER/AMT212E-V/AMT212E-V/AMT212E-V_Micro-ROS/install/amt212ev_interfaces/share/amt212ev_interfaces/package.zsh'
[2.944s] Level 1:colcon.colcon_core.environment:create_file_with_runtime_dependencies(/home/kireiji/Documents/GitHub/CARVER/AMT212E-V/AMT212E-V/AMT212E-V_Micro-ROS/install/amt212ev_interfaces/share/colcon-core/packages/amt212ev_interfaces)
[2.945s] DEBUG:colcon.colcon_parallel_executor.executor.parallel:closing loop
[2.945s] DEBUG:colcon.colcon_parallel_executor.executor.parallel:loop closed
[2.945s] DEBUG:colcon.colcon_parallel_executor.executor.parallel:run_until_complete finished with '0'
[2.945s] DEBUG:colcon.colcon_core.event_reactor:joining thread
[2.948s] INFO:colcon.colcon_core.plugin_system:Skipping extension 'colcon_notification.desktop_notification.terminal_notifier': Not used on non-Darwin systems
[2.948s] INFO:colcon.colcon_core.plugin_system:Skipping extension 'colcon_notification.desktop_notification.win32': Not used on non-Windows systems
[2.949s] INFO:colcon.colcon_notification.desktop_notification:Sending desktop notification using 'notify2'
[2.957s] DEBUG:colcon.colcon_core.event_reactor:joined thread
[2.957s] INFO:colcon.colcon_core.shell:Creating prefix script '/home/kireiji/Documents/GitHub/CARVER/AMT212E-V/AMT212E-V/AMT212E-V_Micro-ROS/install/local_setup.ps1'
[2.958s] INFO:colcon.colcon_core.shell:Creating prefix util module '/home/kireiji/Documents/GitHub/CARVER/AMT212E-V/AMT212E-V/AMT212E-V_Micro-ROS/install/_local_setup_util_ps1.py'
[2.958s] INFO:colcon.colcon_core.shell:Creating prefix chain script '/home/kireiji/Documents/GitHub/CARVER/AMT212E-V/AMT212E-V/AMT212E-V_Micro-ROS/install/setup.ps1'
[2.960s] INFO:colcon.colcon_core.shell:Creating prefix script '/home/kireiji/Documents/GitHub/CARVER/AMT212E-V/AMT212E-V/AMT212E-V_Micro-ROS/install/local_setup.sh'
[2.960s] INFO:colcon.colcon_core.shell:Creating prefix util module '/home/kireiji/Documents/GitHub/CARVER/AMT212E-V/AMT212E-V/AMT212E-V_Micro-ROS/install/_local_setup_util_sh.py'
[2.960s] INFO:colcon.colcon_core.shell:Creating prefix chain script '/home/kireiji/Documents/GitHub/CARVER/AMT212E-V/AMT212E-V/AMT212E-V_Micro-ROS/install/setup.sh'
[2.962s] INFO:colcon.colcon_core.shell:Creating prefix script '/home/kireiji/Documents/GitHub/CARVER/AMT212E-V/AMT212E-V/AMT212E-V_Micro-ROS/install/local_setup.bash'
[2.962s] INFO:colcon.colcon_core.shell:Creating prefix chain script '/home/kireiji/Documents/GitHub/CARVER/AMT212E-V/AMT212E-V/AMT212E-V_Micro-ROS/install/setup.bash'
[2.963s] INFO:colcon.colcon_core.shell:Creating prefix script '/home/kireiji/Documents/GitHub/CARVER/AMT212E-V/AMT212E-V/AMT212E-V_Micro-ROS/install/local_setup.zsh'
[2.963s] INFO:colcon.colcon_core.shell:Creating prefix chain script '/home/kireiji/Documents/GitHub/CARVER/AMT212E-V/AMT212E-V/AMT212E-V_Micro-ROS/install/setup.zsh'
